<?xml version="1.0" encoding="UTF-8"?>
<testsuite xmlns:xsi="http://www.w3.org/2001/XMLSchema-instance" xsi:noNamespaceSchemaLocation="https://maven.apache.org/surefire/maven-surefire-plugin/xsd/surefire-test-report-3.0.xsd" version="3.0" name="Aufgabe3Test" time="0.58" tests="1" errors="0" skipped="0" failures="1">
  <testcase name="shouldSplitToEmptyRight(int)[1]" classname="Aufgabe3Test" time="0.092">
    <failure type="org.opentest4j.AssertionFailedError"><![CDATA[org.opentest4j.AssertionFailedError: 
Expecting:
 <[]>
to be equal to:
 <[[1, 2, 3, 4, 5, 6, 7, 8, 9, 10], []]]]><![CDATA[>
when comparing elements using recursive field/property by field/property comparator on all fields/properties
Comparators used:
- for elements fields (by type): {Double -> DoubleComparator[precision=1.0E-15], Float -> FloatComparator[precision=1.0E-6]}
- for elements (by type): {Double -> DoubleComparator[precision=1.0E-15], Float -> FloatComparator[precision=1.0E-6]}
but was not.
	at Aufgabe3Test.shouldSplitToEmptyRight(Aufgabe3Test.java:254)
]]></failure>
  </testcase>
</testsuite>