<?xml version="1.0" encoding="UTF-8"?>
<testsuite xmlns:xsi="http://www.w3.org/2001/XMLSchema-instance" xsi:noNamespaceSchemaLocation="https://maven.apache.org/surefire/maven-surefire-plugin/xsd/surefire-test-report-3.0.xsd" version="3.0" name="Assignment1Test" time="0.319" tests="1" errors="0" skipped="0" failures="1">
  <properties>
[...]
</properties>
  <testcase name="shouldDrawIBIntoEmptyWorld" classname="Assignment1Test" time="0.306">
    <failure type="java.lang.AssertionError"><![CDATA[java.lang.AssertionError: 
Die Welten sind nicht korrekt expected:<
Kara: [0, 0, RIGHT]
.   . .   .
.   . .. ..
..... . . .
.   . .   .
.   . .   .
> but was:<
Kara: [0, 0, RIGHT]
           
           
           
           
           
>
	at Assignment1Test.shouldDrawIBIntoEmptyWorld(Assignment1Test.java:14)
]]></failure>
  </testcase>
</testsuite>