<?xml version="1.0" encoding="UTF-8"?>
<testsuite xmlns:xsi="http://www.w3.org/2001/XMLSchema-instance" xsi:noNamespaceSchemaLocation="https://maven.apache.org/surefire/maven-surefire-plugin/xsd/surefire-test-report.xsd" name="eu.pinteam.kyoto.gunit.testenv.test.CalculationUtilTest" time="27.662" tests="3" errors="1" skipped="0" failures="0">
  <properties>
[...]
</properties>
  <testcase name="runCalculationScriptTest" classname="eu.pinteam.kyoto.gunit.testenv.test.CalculationUtilTest" time="0.57">
    <error message="The container NewcontTest0 does not allow a parameter of type f1" type="java.lang.IllegalStateException">java.lang.IllegalStateException: The container NewcontTest0 does not allow a parameter of type f1
	at eu.pinteam.kyoto.gunit.testenv.test.CalculationUtilTest.runCalculationScriptTest(CalculationUtilTest.java:188)
</error>
    <system-err><![CDATA[java.lang.instrument.IllegalClassFormatException: Error while instrumenting org/artop/aal/autosar40/converters/BasicMigrator402.
	at org.jacoco.agent.rt.internal_43f5073.CoverageTransformer.transform(CoverageTransformer.java:94)
	at sun.instrument.TransformerManager.transform(TransformerManager.java:188)
	at sun.instrument.InstrumentationImpl.transform(InstrumentationImpl.java:428)
	at java.lang.ClassLoader.defineClass1(Native Method)
	at java.lang.ClassLoader.defineClass(ClassLoader.java:756)
	at org.eclipse.osgi.internal.loader.ModuleClassLoader.defineClass(ModuleClassLoader.java:279)
	at org.eclipse.osgi.internal.loader.classpath.ClasspathManager.defineClass(ClasspathManager.java:703)
	at org.eclipse.osgi.internal.loader.classpath.ClasspathManager.findClassImpl(ClasspathManager.java:626)
	at org.eclipse.osgi.internal.loader.classpath.ClasspathManager.findLocalClassImpl(ClasspathManager.java:594)
	at org.eclipse.osgi.internal.loader.classpath.ClasspathManager.findLocalClassImpl(ClasspathManager.java:574)
	at org.eclipse.osgi.internal.loader.classpath.ClasspathManager.findLocalClass(ClasspathManager.java:553)
	at org.eclipse.osgi.internal.loader.ModuleClassLoader.findLocalClass(ModuleClassLoader.java:331)
	at org.eclipse.osgi.internal.loader.BundleLoader.findLocalClass(BundleLoader.java:395)
	at org.eclipse.osgi.internal.loader.BundleLoader.findClassInternal(BundleLoader.java:473)
	at org.eclipse.osgi.internal.loader.BundleLoader.findClass(BundleLoader.java:422)
	at org.eclipse.osgi.internal.loader.BundleLoader.findClass(BundleLoader.java:414)
	at org.eclipse.osgi.internal.loader.ModuleClassLoader.loadClass(ModuleClassLoader.java:153)
	at java.lang.ClassLoader.loadClass(ClassLoader.java:351)
	at org.artop.aal.autosar40.converters.Converter.<clinit>(Converter.java:39)
	at org.artop.aal.autosar40.converters.adapters.AbstractConverter40Adapter.getConverter(AbstractConverter40Adapter.java:34)
	at org.artop.aal.converters.adapters.AbstractConverterAdapter.doConvertLoad(AbstractConverterAdapter.java:244)
	at org.artop.aal.converters.adapters.AbstractConverterAdapter.convertLoad(AbstractConverterAdapter.java:162)
	at org.eclipse.sphinx.emf.resource.ExtendedXMLLoadImpl.load(ExtendedXMLLoadImpl.java:106)
	at org.artop.aal.common.resource.impl.AutosarXMLResourceImpl.doLoad(AutosarXMLResourceImpl.java:354)
	at org.eclipse.emf.ecore.resource.impl.ResourceImpl.load(ResourceImpl.java:1563)
	at org.eclipse.emf.ecore.resource.impl.ResourceImpl.load(ResourceImpl.java:1342)
	at org.eclipse.sphinx.emf.util.EcoreResourceUtil.loadResource(EcoreResourceUtil.java:1338)
	at org.eclipse.sphinx.emf.util.EcoreResourceUtil.loadResource(EcoreResourceUtil.java:933)
	at org.eclipse.sphinx.emf.util.EcorePlatformUtil$7.run(EcorePlatformUtil.java:723)
	at org.eclipse.emf.transaction.impl.TransactionalEditingDomainImpl.runExclusive(TransactionalEditingDomainImpl.java:328)
	at org.eclipse.emf.transaction.util.TransactionUtil.runExclusive(TransactionUtil.java:328)
	at org.eclipse.sphinx.emf.util.EcorePlatformUtil.loadResource(EcorePlatformUtil.java:719)
	at eu.pinteam.kyoto.gunit.testenv.utils.TestenvUtils.loadModuleConfiguration(TestenvUtils.java:518)
	at eu.pinteam.kyoto.gunit.testenv.test.CalculationUtilTest.prepareTest(CalculationUtilTest.java:82)
	at sun.reflect.NativeMethodAccessorImpl.invoke0(Native Method)
	at sun.reflect.NativeMethodAccessorImpl.invoke(NativeMethodAccessorImpl.java:62)
	at sun.reflect.DelegatingMethodAccessorImpl.invoke(DelegatingMethodAccessorImpl.java:43)
	at java.lang.reflect.Method.invoke(Method.java:498)
	at org.junit.runners.model.FrameworkMethod$1.runReflectiveCall(FrameworkMethod.java:50)
	at org.junit.internal.runners.model.ReflectiveCallable.run(ReflectiveCallable.java:12)
	at org.junit.runners.model.FrameworkMethod.invokeExplosively(FrameworkMethod.java:47)
	at org.junit.internal.runners.statements.RunBefores.evaluate(RunBefores.java:24)
	at org.junit.runners.ParentRunner.run(ParentRunner.java:363)
	at org.apache.maven.surefire.junit4.JUnit4Provider.execute(JUnit4Provider.java:365)
	at org.apache.maven.surefire.junit4.JUnit4Provider.executeWithRerun(JUnit4Provider.java:273)
	at org.apache.maven.surefire.junit4.JUnit4Provider.executeTestSet(JUnit4Provider.java:238)
	at org.apache.maven.surefire.junit4.JUnit4Provider.invoke(JUnit4Provider.java:159)
	at sun.reflect.NativeMethodAccessorImpl.invoke0(Native Method)
	at sun.reflect.NativeMethodAccessorImpl.invoke(NativeMethodAccessorImpl.java:62)
	at sun.reflect.DelegatingMethodAccessorImpl.invoke(DelegatingMethodAccessorImpl.java:43)
	at java.lang.reflect.Method.invoke(Method.java:498)
	at org.apache.maven.surefire.util.ReflectionUtils.invokeMethodWithArray2(ReflectionUtils.java:206)
	at org.apache.maven.surefire.booter.ProviderFactory$ProviderProxy.invoke(ProviderFactory.java:161)
	at org.apache.maven.surefire.booter.ProviderFactory.invokeProvider(ProviderFactory.java:84)
	at org.eclipse.tycho.surefire.osgibooter.OsgiSurefireBooter.run(OsgiSurefireBooter.java:113)
	at org.eclipse.tycho.surefire.osgibooter.HeadlessTestApplication.run(HeadlessTestApplication.java:21)
	at sun.reflect.NativeMethodAccessorImpl.invoke0(Native Method)
	at sun.reflect.NativeMethodAccessorImpl.invoke(NativeMethodAccessorImpl.java:62)
	at sun.reflect.DelegatingMethodAccessorImpl.invoke(DelegatingMethodAccessorImpl.java:43)
	at java.lang.reflect.Method.invoke(Method.java:498)
	at org.eclipse.equinox.internal.app.EclipseAppContainer.callMethodWithException(EclipseAppContainer.java:590)
	at org.eclipse.equinox.internal.app.EclipseAppHandle.run(EclipseAppHandle.java:201)
	at org.eclipse.core.runtime.internal.adaptor.EclipseAppLauncher.runApplication(EclipseAppLauncher.java:137)
	at org.eclipse.core.runtime.internal.adaptor.EclipseAppLauncher.start(EclipseAppLauncher.java:107)
	at org.eclipse.core.runtime.adaptor.EclipseStarter.run(EclipseStarter.java:391)
	at org.eclipse.core.runtime.adaptor.EclipseStarter.run(EclipseStarter.java:246)
	at sun.reflect.NativeMethodAccessorImpl.invoke0(Native Method)
	at sun.reflect.NativeMethodAccessorImpl.invoke(NativeMethodAccessorImpl.java:62)
	at sun.reflect.DelegatingMethodAccessorImpl.invoke(DelegatingMethodAccessorImpl.java:43)
	at java.lang.reflect.Method.invoke(Method.java:498)
	at org.eclipse.equinox.launcher.Main.invokeFramework(Main.java:659)
	at org.eclipse.equinox.launcher.Main.basicRun(Main.java:595)
	at org.eclipse.equinox.launcher.Main.run(Main.java:1501)
	at org.eclipse.equinox.launcher.Main.main(Main.java:1474)
Caused by: java.io.IOException: Error while instrumenting org/artop/aal/autosar40/converters/BasicMigrator402.
	at org.jacoco.agent.rt.internal_43f5073.core.instr.Instrumenter.instrumentError(Instrumenter.java:159)
	at org.jacoco.agent.rt.internal_43f5073.core.instr.Instrumenter.instrument(Instrumenter.java:109)
	at org.jacoco.agent.rt.internal_43f5073.CoverageTransformer.transform(CoverageTransformer.java:92)
	... 73 more
Caused by: org.jacoco.agent.rt.internal_43f5073.asm.MethodTooLargeException: Method too large: org/artop/aal/autosar40/converters/BasicMigrator402.downgrade (Ljava/util/List;Lorg/artop/aal/converters/IReportGenerator;)V
	at org.jacoco.agent.rt.internal_43f5073.asm.MethodWriter.computeMethodInfoSize(MethodWriter.java:2087)
	at org.jacoco.agent.rt.internal_43f5073.asm.ClassWriter.toByteArray(ClassWriter.java:447)
	at org.jacoco.agent.rt.internal_43f5073.core.instr.Instrumenter.instrument(Instrumenter.java:90)
	at org.jacoco.agent.rt.internal_43f5073.core.instr.Instrumenter.instrument(Instrumenter.java:107)
	... 74 more
]]></system-err>
  </testcase>
  <testcase name="getRelevantTriggersTest" classname="eu.pinteam.kyoto.gunit.testenv.test.CalculationUtilTest" time="0.001"/>
  <testcase name="getCalculationScriptTest" classname="eu.pinteam.kyoto.gunit.testenv.test.CalculationUtilTest" time="0.023"/>
</testsuite>