<?xml version="1.0" encoding="UTF-8"?>
<testsuite xmlns:xsi="http://www.w3.org/2001/XMLSchema-instance" xsi:noNamespaceSchemaLocation="https://maven.apache.org/surefire/maven-surefire-plugin/xsd/surefire-test-report-3.0.xsd" version="3.0" name="de.tobiasmichael.me.MyTest" time="0.091" tests="4" errors="0" skipped="0" failures="1">
  <properties>
[...]
</properties>
  <testcase name="testConcatenate1" classname="de.tobiasmichael.me.MyTest" time="0.04"/>
  <testcase name="testConcatenate2" classname="de.tobiasmichael.me.MyTest" time="0.001"/>
  <testcase name="testConcatenate3" classname="de.tobiasmichael.me.MyTest" time="0.002"/>
  <testcase name="testConcatenate4" classname="de.tobiasmichael.me.MyTest" time="0.006">
    <failure type="org.opentest4j.AssertionFailedError"><![CDATA[org.opentest4j.AssertionFailedError: expected: <onefive> but was: <onetwo>
	at de.tobiasmichael.me.MyTest.testConcatenate4(MyTest.java:35)
]]></failure>
  </testcase>
</testsuite>
