<?xml version="1.0" encoding="UTF-8" standalone="yes"?><!DOCTYPE report PUBLIC
  "-//JACOCO//DTD Report 1.1//EN" "report.dtd">
<report name="violations-lib">
  <sessioninfo id="zzzzz-b71531d1" start="1625905890665" dump="1625905893579"/>
  <package name="se/bjurr/violations/lib/reports">
    <class name="se/bjurr/violations/lib/reports/Parser" sourcefilename="Parser.java">
      <method name="&lt;init&gt;"
        desc="(Ljava/lang/String;ILse/bjurr/violations/lib/parsers/ViolationsParser;)V" line="65">
        <counter type="INSTRUCTION" missed="0" covered="8"/>
        <counter type="LINE" missed="0" covered="3"/>
        <counter type="COMPLEXITY" missed="0" covered="1"/>
        <counter type="METHOD" missed="0" covered="1"/>
      </method>
      <method name="findViolations"
        desc="(Lse/bjurr/violations/lib/ViolationsLogger;Ljava/util/List;)Ljava/util/Set;"
        line="71">
        <counter type="INSTRUCTION" missed="52" covered="40"/>
        <counter type="BRANCH" missed="3" covered="3"/>
        <counter type="LINE" missed="6" covered="9"/>
        <counter type="COMPLEXITY" missed="2" covered="2"/>
        <counter type="METHOD" missed="0" covered="1"/>
      </method>
      <method name="getViolationsParser" desc="()Lse/bjurr/violations/lib/parsers/ViolationsParser;"
        line="93">
        <counter type="INSTRUCTION" missed="0" covered="3"/>
        <counter type="LINE" missed="0" covered="1"/>
        <counter type="COMPLEXITY" missed="0" covered="1"/>
        <counter type="METHOD" missed="0" covered="1"/>
      </method>
      <method name="&lt;clinit&gt;" desc="()V" line="17">
        <counter type="INSTRUCTION" missed="0" covered="576"/>
        <counter type="LINE" missed="0" covered="45"/>
        <counter type="COMPLEXITY" missed="0" covered="1"/>
        <counter type="METHOD" missed="0" covered="1"/>
      </method>
      <counter type="INSTRUCTION" missed="52" covered="627"/>
      <counter type="BRANCH" missed="3" covered="3"/>
      <counter type="LINE" missed="6" covered="58"/>
      <counter type="COMPLEXITY" missed="2" covered="5"/>
      <counter type="METHOD" missed="0" covered="4"/>
      <counter type="CLASS" missed="0" covered="1"/>
    </class>
    <class name="se/bjurr/violations/lib/reports/ReportsFinder$1"
      sourcefilename="ReportsFinder.java">
      <method name="&lt;init&gt;"
        desc="(Ljava/nio/file/Path;Ljava/util/List;Ljava/lang/String;Lse/bjurr/violations/lib/ViolationsLogger;Ljava/util/List;)V"
        line="30">
        <counter type="INSTRUCTION" missed="0" covered="18"/>
        <counter type="LINE" missed="0" covered="1"/>
        <counter type="COMPLEXITY" missed="0" covered="1"/>
        <counter type="METHOD" missed="0" covered="1"/>
      </method>
      <method name="visitFile"
        desc="(Ljava/nio/file/Path;Ljava/nio/file/attribute/BasicFileAttributes;)Ljava/nio/file/FileVisitResult;"
        line="34">
        <counter type="INSTRUCTION" missed="0" covered="73"/>
        <counter type="BRANCH" missed="1" covered="5"/>
        <counter type="LINE" missed="0" covered="10"/>
        <counter type="COMPLEXITY" missed="1" covered="3"/>
        <counter type="METHOD" missed="0" covered="1"/>
      </method>
      <counter type="INSTRUCTION" missed="0" covered="91"/>
      <counter type="BRANCH" missed="1" covered="5"/>
      <counter type="LINE" missed="0" covered="11"/>
      <counter type="COMPLEXITY" missed="1" covered="4"/>
      <counter type="METHOD" missed="0" covered="2"/>
      <counter type="CLASS" missed="0" covered="1"/>
    </class>
    <class name="se/bjurr/violations/lib/reports/Reporter" sourcefilename="Reporter.java">
      <method name="&lt;init&gt;"
        desc="(Ljava/lang/String;ILjava/lang/String;Lse/bjurr/violations/lib/reports/Parser;Ljava/lang/String;Ljava/lang/String;)V"
        line="184">
        <counter type="INSTRUCTION" missed="0" covered="17"/>
        <counter type="LINE" missed="0" covered="6"/>
        <counter type="COMPLEXITY" missed="0" covered="1"/>
        <counter type="METHOD" missed="0" covered="1"/>
      </method>
      <method name="getParser" desc="()Lse/bjurr/violations/lib/reports/Parser;" line="192">
        <counter type="INSTRUCTION" missed="0" covered="3"/>
        <counter type="LINE" missed="0" covered="1"/>
        <counter type="COMPLEXITY" missed="0" covered="1"/>
        <counter type="METHOD" missed="0" covered="1"/>
      </method>
      <method name="getName" desc="()Ljava/lang/String;" line="196">
        <counter type="INSTRUCTION" missed="0" covered="3"/>
        <counter type="LINE" missed="0" covered="1"/>
        <counter type="COMPLEXITY" missed="0" covered="1"/>
        <counter type="METHOD" missed="0" covered="1"/>
      </method>
      <method name="getUrl" desc="()Ljava/lang/String;" line="200">
        <counter type="INSTRUCTION" missed="0" covered="3"/>
        <counter type="LINE" missed="0" covered="1"/>
        <counter type="COMPLEXITY" missed="0" covered="1"/>
        <counter type="METHOD" missed="0" covered="1"/>
      </method>
      <method name="getNote" desc="()Ljava/lang/String;" line="204">
        <counter type="INSTRUCTION" missed="0" covered="3"/>
        <counter type="LINE" missed="0" covered="1"/>
        <counter type="COMPLEXITY" missed="0" covered="1"/>
        <counter type="METHOD" missed="0" covered="1"/>
      </method>
      <method name="&lt;clinit&gt;" desc="()V" line="3">
        <counter type="INSTRUCTION" missed="0" covered="970"/>
        <counter type="LINE" missed="0" covered="70"/>
        <counter type="COMPLEXITY" missed="0" covered="1"/>
        <counter type="METHOD" missed="0" covered="1"/>
      </method>
      <counter type="INSTRUCTION" missed="0" covered="999"/>
      <counter type="LINE" missed="0" covered="80"/>
      <counter type="COMPLEXITY" missed="0" covered="6"/>
      <counter type="METHOD" missed="0" covered="6"/>
      <counter type="CLASS" missed="0" covered="1"/>
    </class>
    <class name="se/bjurr/violations/lib/reports/ReportsFinder" sourcefilename="ReportsFinder.java">
      <method name="&lt;init&gt;" desc="()V" line="18">
        <counter type="INSTRUCTION" missed="3" covered="0"/>
        <counter type="LINE" missed="1" covered="0"/>
        <counter type="COMPLEXITY" missed="1" covered="0"/>
        <counter type="METHOD" missed="1" covered="0"/>
      </method>
      <method name="findAllReports"
        desc="(Lse/bjurr/violations/lib/ViolationsLogger;Ljava/io/File;Ljava/lang/String;Ljava/util/List;)Ljava/util/List;"
        line="25">
        <counter type="INSTRUCTION" missed="6" covered="23"/>
        <counter type="LINE" missed="2" covered="6"/>
        <counter type="COMPLEXITY" missed="0" covered="1"/>
        <counter type="METHOD" missed="0" covered="1"/>
      </method>
      <method name="withFrontSlashes" desc="(Ljava/lang/String;)Ljava/lang/String;" line="58">
        <counter type="INSTRUCTION" missed="0" covered="5"/>
        <counter type="LINE" missed="0" covered="1"/>
        <counter type="COMPLEXITY" missed="0" covered="1"/>
        <counter type="METHOD" missed="0" covered="1"/>
      </method>
      <method name="isIgnored" desc="(Ljava/lang/String;Ljava/util/List;)Z" line="62">
        <counter type="INSTRUCTION" missed="0" covered="21"/>
        <counter type="BRANCH" missed="0" covered="4"/>
        <counter type="LINE" missed="0" covered="5"/>
        <counter type="COMPLEXITY" missed="0" covered="3"/>
        <counter type="METHOD" missed="0" covered="1"/>
      </method>
      <counter type="INSTRUCTION" missed="9" covered="49"/>
      <counter type="BRANCH" missed="0" covered="4"/>
      <counter type="LINE" missed="3" covered="12"/>
      <counter type="COMPLEXITY" missed="1" covered="5"/>
      <counter type="METHOD" missed="1" covered="3"/>
      <counter type="CLASS" missed="0" covered="1"/>
    </class>
    <sourcefile name="Parser.java">
      <line nr="17" mi="0" ci="180" mb="0" cb="0"/>
      <line nr="18" mi="0" ci="9" mb="0" cb="0"/>
      <line nr="19" mi="0" ci="9" mb="0" cb="0"/>
      <line nr="20" mi="0" ci="9" mb="0" cb="0"/>
      <line nr="21" mi="0" ci="9" mb="0" cb="0"/>
      <line nr="22" mi="0" ci="9" mb="0" cb="0"/>
      <line nr="23" mi="0" ci="9" mb="0" cb="0"/>
      <line nr="24" mi="0" ci="9" mb="0" cb="0"/>
      <line nr="25" mi="0" ci="9" mb="0" cb="0"/>
      <line nr="26" mi="0" ci="9" mb="0" cb="0"/>
      <line nr="27" mi="0" ci="9" mb="0" cb="0"/>
      <line nr="28" mi="0" ci="9" mb="0" cb="0"/>
      <line nr="29" mi="0" ci="9" mb="0" cb="0"/>
      <line nr="30" mi="0" ci="9" mb="0" cb="0"/>
      <line nr="31" mi="0" ci="9" mb="0" cb="0"/>
      <line nr="32" mi="0" ci="9" mb="0" cb="0"/>
      <line nr="33" mi="0" ci="9" mb="0" cb="0"/>
      <line nr="34" mi="0" ci="9" mb="0" cb="0"/>
      <line nr="35" mi="0" ci="9" mb="0" cb="0"/>
      <line nr="36" mi="0" ci="9" mb="0" cb="0"/>
      <line nr="37" mi="0" ci="9" mb="0" cb="0"/>
      <line nr="38" mi="0" ci="9" mb="0" cb="0"/>
      <line nr="39" mi="0" ci="9" mb="0" cb="0"/>
      <line nr="40" mi="0" ci="9" mb="0" cb="0"/>
      <line nr="41" mi="0" ci="9" mb="0" cb="0"/>
      <line nr="42" mi="0" ci="9" mb="0" cb="0"/>
      <line nr="43" mi="0" ci="9" mb="0" cb="0"/>
      <line nr="44" mi="0" ci="9" mb="0" cb="0"/>
      <line nr="45" mi="0" ci="9" mb="0" cb="0"/>
      <line nr="46" mi="0" ci="9" mb="0" cb="0"/>
      <line nr="47" mi="0" ci="9" mb="0" cb="0"/>
      <line nr="48" mi="0" ci="9" mb="0" cb="0"/>
      <line nr="49" mi="0" ci="9" mb="0" cb="0"/>
      <line nr="50" mi="0" ci="9" mb="0" cb="0"/>
      <line nr="51" mi="0" ci="9" mb="0" cb="0"/>
      <line nr="52" mi="0" ci="9" mb="0" cb="0"/>
      <line nr="53" mi="0" ci="9" mb="0" cb="0"/>
      <line nr="54" mi="0" ci="9" mb="0" cb="0"/>
      <line nr="55" mi="0" ci="9" mb="0" cb="0"/>
      <line nr="56" mi="0" ci="9" mb="0" cb="0"/>
      <line nr="57" mi="0" ci="9" mb="0" cb="0"/>
      <line nr="58" mi="0" ci="9" mb="0" cb="0"/>
      <line nr="59" mi="0" ci="9" mb="0" cb="0"/>
      <line nr="60" mi="0" ci="9" mb="0" cb="0"/>
      <line nr="61" mi="0" ci="9" mb="0" cb="0"/>
      <line nr="65" mi="0" ci="4" mb="0" cb="0"/>
      <line nr="66" mi="0" ci="3" mb="0" cb="0"/>
      <line nr="67" mi="0" ci="1" mb="0" cb="0"/>
      <line nr="71" mi="0" ci="4" mb="0" cb="0"/>
      <line nr="72" mi="0" ci="10" mb="0" cb="2"/>
      <line nr="73" mi="0" ci="2" mb="0" cb="0"/>
      <line nr="75" mi="0" ci="6" mb="0" cb="0"/>
      <line nr="76" mi="0" ci="6" mb="1" cb="1"/>
      <line nr="77" mi="10" ci="0" mb="0" cb="0"/>
      <line nr="78" mi="8" ci="0" mb="0" cb="0"/>
      <line nr="80" mi="0" ci="8" mb="0" cb="0"/>
      <line nr="81" mi="1" ci="0" mb="0" cb="0"/>
      <line nr="82" mi="13" ci="0" mb="2" cb="0"/>
      <line nr="83" mi="9" ci="0" mb="0" cb="0"/>
      <line nr="85" mi="11" ci="0" mb="0" cb="0"/>
      <line nr="87" mi="0" ci="1" mb="0" cb="0"/>
      <line nr="88" mi="0" ci="1" mb="0" cb="0"/>
      <line nr="89" mi="0" ci="2" mb="0" cb="0"/>
      <line nr="93" mi="0" ci="3" mb="0" cb="0"/>
      <counter type="INSTRUCTION" missed="52" covered="627"/>
      <counter type="BRANCH" missed="3" covered="3"/>
      <counter type="LINE" missed="6" covered="58"/>
      <counter type="COMPLEXITY" missed="2" covered="5"/>
      <counter type="METHOD" missed="0" covered="4"/>
      <counter type="CLASS" missed="0" covered="1"/>
    </sourcefile>
    <sourcefile name="Reporter.java">
      <line nr="3" mi="0" ci="280" mb="0" cb="0"/>
      <line nr="4" mi="0" ci="10" mb="0" cb="0"/>
      <line nr="5" mi="0" ci="10" mb="0" cb="0"/>
      <line nr="7" mi="0" ci="10" mb="0" cb="0"/>
      <line nr="9" mi="0" ci="10" mb="0" cb="0"/>
      <line nr="14" mi="0" ci="10" mb="0" cb="0"/>
      <line nr="15" mi="0" ci="10" mb="0" cb="0"/>
      <line nr="16" mi="0" ci="10" mb="0" cb="0"/>
      <line nr="21" mi="0" ci="10" mb="0" cb="0"/>
      <line nr="22" mi="0" ci="10" mb="0" cb="0"/>
      <line nr="23" mi="0" ci="10" mb="0" cb="0"/>
      <line nr="24" mi="0" ci="10" mb="0" cb="0"/>
      <line nr="25" mi="0" ci="10" mb="0" cb="0"/>
      <line nr="26" mi="0" ci="10" mb="0" cb="0"/>
      <line nr="31" mi="0" ci="10" mb="0" cb="0"/>
      <line nr="36" mi="0" ci="10" mb="0" cb="0"/>
      <line nr="37" mi="0" ci="10" mb="0" cb="0"/>
      <line nr="38" mi="0" ci="10" mb="0" cb="0"/>
      <line nr="43" mi="0" ci="10" mb="0" cb="0"/>
      <line nr="44" mi="0" ci="10" mb="0" cb="0"/>
      <line nr="45" mi="0" ci="10" mb="0" cb="0"/>
      <line nr="46" mi="0" ci="10" mb="0" cb="0"/>
      <line nr="47" mi="0" ci="10" mb="0" cb="0"/>
      <line nr="52" mi="0" ci="10" mb="0" cb="0"/>
      <line nr="57" mi="0" ci="10" mb="0" cb="0"/>
      <line nr="58" mi="0" ci="10" mb="0" cb="0"/>
      <line nr="63" mi="0" ci="10" mb="0" cb="0"/>
      <line nr="64" mi="0" ci="10" mb="0" cb="0"/>
      <line nr="66" mi="0" ci="10" mb="0" cb="0"/>
      <line nr="71" mi="0" ci="10" mb="0" cb="0"/>
      <line nr="72" mi="0" ci="10" mb="0" cb="0"/>
      <line nr="77" mi="0" ci="10" mb="0" cb="0"/>
      <line nr="78" mi="0" ci="10" mb="0" cb="0"/>
      <line nr="83" mi="0" ci="10" mb="0" cb="0"/>
      <line nr="84" mi="0" ci="10" mb="0" cb="0"/>
      <line nr="85" mi="0" ci="10" mb="0" cb="0"/>
      <line nr="90" mi="0" ci="10" mb="0" cb="0"/>
      <line nr="95" mi="0" ci="10" mb="0" cb="0"/>
      <line nr="100" mi="0" ci="10" mb="0" cb="0"/>
      <line nr="101" mi="0" ci="10" mb="0" cb="0"/>
      <line nr="102" mi="0" ci="10" mb="0" cb="0"/>
      <line nr="103" mi="0" ci="10" mb="0" cb="0"/>
      <line nr="108" mi="0" ci="10" mb="0" cb="0"/>
      <line nr="109" mi="0" ci="10" mb="0" cb="0"/>
      <line nr="114" mi="0" ci="10" mb="0" cb="0"/>
      <line nr="119" mi="0" ci="10" mb="0" cb="0"/>
      <line nr="124" mi="0" ci="10" mb="0" cb="0"/>
      <line nr="125" mi="0" ci="10" mb="0" cb="0"/>
      <line nr="126" mi="0" ci="10" mb="0" cb="0"/>
      <line nr="127" mi="0" ci="10" mb="0" cb="0"/>
      <line nr="128" mi="0" ci="10" mb="0" cb="0"/>
      <line nr="129" mi="0" ci="10" mb="0" cb="0"/>
      <line nr="130" mi="0" ci="10" mb="0" cb="0"/>
      <line nr="135" mi="0" ci="10" mb="0" cb="0"/>
      <line nr="136" mi="0" ci="10" mb="0" cb="0"/>
      <line nr="137" mi="0" ci="10" mb="0" cb="0"/>
      <line nr="142" mi="0" ci="10" mb="0" cb="0"/>
      <line nr="143" mi="0" ci="10" mb="0" cb="0"/>
      <line nr="148" mi="0" ci="10" mb="0" cb="0"/>
      <line nr="149" mi="0" ci="10" mb="0" cb="0"/>
      <line nr="150" mi="0" ci="10" mb="0" cb="0"/>
      <line nr="151" mi="0" ci="10" mb="0" cb="0"/>
      <line nr="152" mi="0" ci="10" mb="0" cb="0"/>
      <line nr="157" mi="0" ci="10" mb="0" cb="0"/>
      <line nr="164" mi="0" ci="10" mb="0" cb="0"/>
      <line nr="169" mi="0" ci="10" mb="0" cb="0"/>
      <line nr="170" mi="0" ci="10" mb="0" cb="0"/>
      <line nr="171" mi="0" ci="10" mb="0" cb="0"/>
      <line nr="176" mi="0" ci="10" mb="0" cb="0"/>
      <line nr="177" mi="0" ci="10" mb="0" cb="0"/>
      <line nr="184" mi="0" ci="4" mb="0" cb="0"/>
      <line nr="185" mi="0" ci="3" mb="0" cb="0"/>
      <line nr="186" mi="0" ci="3" mb="0" cb="0"/>
      <line nr="187" mi="0" ci="3" mb="0" cb="0"/>
      <line nr="188" mi="0" ci="3" mb="0" cb="0"/>
      <line nr="189" mi="0" ci="1" mb="0" cb="0"/>
      <line nr="192" mi="0" ci="3" mb="0" cb="0"/>
      <line nr="196" mi="0" ci="3" mb="0" cb="0"/>
      <line nr="200" mi="0" ci="3" mb="0" cb="0"/>
      <line nr="204" mi="0" ci="3" mb="0" cb="0"/>
      <counter type="INSTRUCTION" missed="0" covered="999"/>
      <counter type="LINE" missed="0" covered="80"/>
      <counter type="COMPLEXITY" missed="0" covered="6"/>
      <counter type="METHOD" missed="0" covered="6"/>
      <counter type="CLASS" missed="0" covered="1"/>
    </sourcefile>
    <sourcefile name="ReportsFinder.java">
      <line nr="18" mi="3" ci="0" mb="0" cb="0"/>
      <line nr="25" mi="0" ci="4" mb="0" cb="0"/>
      <line nr="26" mi="0" ci="3" mb="0" cb="0"/>
      <line nr="28" mi="0" ci="11" mb="0" cb="0"/>
      <line nr="30" mi="0" ci="18" mb="0" cb="0"/>
      <line nr="34" mi="0" ci="6" mb="0" cb="0"/>
      <line nr="35" mi="0" ci="5" mb="0" cb="2"/>
      <line nr="36" mi="0" ci="5" mb="0" cb="0"/>
      <line nr="39" mi="0" ci="4" mb="0" cb="0"/>
      <line nr="40" mi="0" ci="8" mb="0" cb="2"/>
      <line nr="41" mi="0" ci="3" mb="1" cb="1"/>
      <line nr="42" mi="0" ci="15" mb="0" cb="0"/>
      <line nr="43" mi="0" ci="7" mb="0" cb="0"/>
      <line nr="45" mi="0" ci="15" mb="0" cb="0"/>
      <line nr="47" mi="0" ci="5" mb="0" cb="0"/>
      <line nr="50" mi="1" ci="0" mb="0" cb="0"/>
      <line nr="51" mi="5" ci="0" mb="0" cb="0"/>
      <line nr="52" mi="0" ci="1" mb="0" cb="0"/>
      <line nr="53" mi="0" ci="2" mb="0" cb="0"/>
      <line nr="54" mi="0" ci="2" mb="0" cb="0"/>
      <line nr="58" mi="0" ci="5" mb="0" cb="0"/>
      <line nr="62" mi="0" ci="10" mb="0" cb="2"/>
      <line nr="63" mi="0" ci="6" mb="0" cb="2"/>
      <line nr="64" mi="0" ci="2" mb="0" cb="0"/>
      <line nr="66" mi="0" ci="1" mb="0" cb="0"/>
      <line nr="67" mi="0" ci="2" mb="0" cb="0"/>
      <counter type="INSTRUCTION" missed="9" covered="140"/>
      <counter type="BRANCH" missed="1" covered="9"/>
      <counter type="LINE" missed="3" covered="23"/>
      <counter type="COMPLEXITY" missed="2" covered="9"/>
      <counter type="METHOD" missed="1" covered="5"/>
      <counter type="CLASS" missed="0" covered="2"/>
    </sourcefile>
    <counter type="INSTRUCTION" missed="61" covered="1766"/>
    <counter type="BRANCH" missed="4" covered="12"/>
    <counter type="LINE" missed="9" covered="161"/>
    <counter type="COMPLEXITY" missed="4" covered="20"/>
    <counter type="METHOD" missed="1" covered="15"/>
    <counter type="CLASS" missed="0" covered="4"/>
  </package>
  <package name="se/bjurr/violations/lib/model">
    <class name="se/bjurr/violations/lib/model/Violation$ViolationBuilder"
      sourcefilename="Violation.java">
      <method name="&lt;init&gt;" desc="()V" line="28">
        <counter type="INSTRUCTION" missed="0" covered="8"/>
        <counter type="LINE" missed="0" covered="2"/>
        <counter type="COMPLEXITY" missed="0" covered="1"/>
        <counter type="METHOD" missed="0" covered="1"/>
      </method>
      <method name="build" desc="()Lse/bjurr/violations/lib/model/Violation;" line="35">
        <counter type="INSTRUCTION" missed="0" covered="5"/>
        <counter type="LINE" missed="0" covered="1"/>
        <counter type="COMPLEXITY" missed="0" covered="1"/>
        <counter type="METHOD" missed="0" covered="1"/>
      </method>
      <method name="setColumn"
        desc="(Ljava/lang/Integer;)Lse/bjurr/violations/lib/model/Violation$ViolationBuilder;"
        line="39">
        <counter type="INSTRUCTION" missed="0" covered="5"/>
        <counter type="LINE" missed="0" covered="2"/>
        <counter type="COMPLEXITY" missed="0" covered="1"/>
        <counter type="METHOD" missed="0" covered="1"/>
      </method>
      <method name="setEndLine"
        desc="(Ljava/lang/Integer;)Lse/bjurr/violations/lib/model/Violation$ViolationBuilder;"
        line="44">
        <counter type="INSTRUCTION" missed="0" covered="5"/>
        <counter type="LINE" missed="0" covered="2"/>
        <counter type="COMPLEXITY" missed="0" covered="1"/>
        <counter type="METHOD" missed="0" covered="1"/>
      </method>
      <method name="setEndColumn"
        desc="(Ljava/lang/Integer;)Lse/bjurr/violations/lib/model/Violation$ViolationBuilder;"
        line="49">
        <counter type="INSTRUCTION" missed="0" covered="5"/>
        <counter type="LINE" missed="0" covered="2"/>
        <counter type="COMPLEXITY" missed="0" covered="1"/>
        <counter type="METHOD" missed="0" covered="1"/>
      </method>
      <method name="setFile"
        desc="(Ljava/lang/String;)Lse/bjurr/violations/lib/model/Violation$ViolationBuilder;"
        line="54">
        <counter type="INSTRUCTION" missed="0" covered="5"/>
        <counter type="LINE" missed="0" covered="2"/>
        <counter type="COMPLEXITY" missed="0" covered="1"/>
        <counter type="METHOD" missed="0" covered="1"/>
      </method>
      <method name="setMessage"
        desc="(Ljava/lang/String;)Lse/bjurr/violations/lib/model/Violation$ViolationBuilder;"
        line="59">
        <counter type="INSTRUCTION" missed="0" covered="5"/>
        <counter type="LINE" missed="0" covered="2"/>
        <counter type="COMPLEXITY" missed="0" covered="1"/>
        <counter type="METHOD" missed="0" covered="1"/>
      </method>
      <method name="setParser"
        desc="(Lse/bjurr/violations/lib/reports/Parser;)Lse/bjurr/violations/lib/model/Violation$ViolationBuilder;"
        line="64">
        <counter type="INSTRUCTION" missed="0" covered="5"/>
        <counter type="LINE" missed="0" covered="2"/>
        <counter type="COMPLEXITY" missed="0" covered="1"/>
        <counter type="METHOD" missed="0" covered="1"/>
      </method>
      <method name="setReporter"
        desc="(Ljava/lang/String;)Lse/bjurr/violations/lib/model/Violation$ViolationBuilder;"
        line="69">
        <counter type="INSTRUCTION" missed="0" covered="5"/>
        <counter type="LINE" missed="0" covered="2"/>
        <counter type="COMPLEXITY" missed="0" covered="1"/>
        <counter type="METHOD" missed="0" covered="1"/>
      </method>
      <method name="setRule"
        desc="(Ljava/lang/String;)Lse/bjurr/violations/lib/model/Violation$ViolationBuilder;"
        line="74">
        <counter type="INSTRUCTION" missed="0" covered="5"/>
        <counter type="LINE" missed="0" covered="2"/>
        <counter type="COMPLEXITY" missed="0" covered="1"/>
        <counter type="METHOD" missed="0" covered="1"/>
      </method>
      <method name="setCategory"
        desc="(Ljava/lang/String;)Lse/bjurr/violations/lib/model/Violation$ViolationBuilder;"
        line="79">
        <counter type="INSTRUCTION" missed="0" covered="5"/>
        <counter type="LINE" missed="0" covered="2"/>
        <counter type="COMPLEXITY" missed="0" covered="1"/>
        <counter type="METHOD" missed="0" covered="1"/>
      </method>
      <method name="setSeverity"
        desc="(Lse/bjurr/violations/lib/model/SEVERITY;)Lse/bjurr/violations/lib/model/Violation$ViolationBuilder;"
        line="84">
        <counter type="INSTRUCTION" missed="0" covered="5"/>
        <counter type="LINE" missed="0" covered="2"/>
        <counter type="COMPLEXITY" missed="0" covered="1"/>
        <counter type="METHOD" missed="0" covered="1"/>
      </method>
      <method name="setSource"
        desc="(Ljava/lang/String;)Lse/bjurr/violations/lib/model/Violation$ViolationBuilder;"
        line="89">
        <counter type="INSTRUCTION" missed="0" covered="5"/>
        <counter type="LINE" missed="0" covered="2"/>
        <counter type="COMPLEXITY" missed="0" covered="1"/>
        <counter type="METHOD" missed="0" covered="1"/>
      </method>
      <method name="setSpecific"
        desc="(Ljava/lang/String;Ljava/lang/Integer;)Lse/bjurr/violations/lib/model/Violation$ViolationBuilder;"
        line="94">
        <counter type="INSTRUCTION" missed="0" covered="10"/>
        <counter type="LINE" missed="0" covered="2"/>
        <counter type="COMPLEXITY" missed="0" covered="1"/>
        <counter type="METHOD" missed="0" covered="1"/>
      </method>
      <method name="setSpecific"
        desc="(Ljava/lang/String;Ljava/lang/String;)Lse/bjurr/violations/lib/model/Violation$ViolationBuilder;"
        line="99">
        <counter type="INSTRUCTION" missed="0" covered="8"/>
        <counter type="LINE" missed="0" covered="2"/>
        <counter type="COMPLEXITY" missed="0" covered="1"/>
        <counter type="METHOD" missed="0" covered="1"/>
      </method>
      <method name="setSpecifics"
        desc="(Ljava/util/Map;)Lse/bjurr/violations/lib/model/Violation$ViolationBuilder;"
        line="104">
        <counter type="INSTRUCTION" missed="0" covered="5"/>
        <counter type="LINE" missed="0" covered="2"/>
        <counter type="COMPLEXITY" missed="0" covered="1"/>
        <counter type="METHOD" missed="0" covered="1"/>
      </method>
      <method name="setStartLine"
        desc="(Ljava/lang/Integer;)Lse/bjurr/violations/lib/model/Violation$ViolationBuilder;"
        line="109">
        <counter type="INSTRUCTION" missed="0" covered="5"/>
        <counter type="LINE" missed="0" covered="2"/>
        <counter type="COMPLEXITY" missed="0" covered="1"/>
        <counter type="METHOD" missed="0" covered="1"/>
      </method>
      <method name="setGroup"
        desc="(Ljava/lang/String;)Lse/bjurr/violations/lib/model/Violation$ViolationBuilder;"
        line="114">
        <counter type="INSTRUCTION" missed="0" covered="5"/>
        <counter type="LINE" missed="0" covered="2"/>
        <counter type="COMPLEXITY" missed="0" covered="1"/>
        <counter type="METHOD" missed="0" covered="1"/>
      </method>
      <counter type="INSTRUCTION" missed="0" covered="101"/>
      <counter type="LINE" missed="0" covered="35"/>
      <counter type="COMPLEXITY" missed="0" covered="18"/>
      <counter type="METHOD" missed="0" covered="18"/>
      <counter type="CLASS" missed="0" covered="1"/>
    </class>
    <class name="se/bjurr/violations/lib/model/Violation" sourcefilename="Violation.java">
      <method name="violationBuilder"
        desc="()Lse/bjurr/violations/lib/model/Violation$ViolationBuilder;" line="124">
        <counter type="INSTRUCTION" missed="0" covered="5"/>
        <counter type="LINE" missed="0" covered="1"/>
        <counter type="COMPLEXITY" missed="0" covered="1"/>
        <counter type="METHOD" missed="0" covered="1"/>
      </method>
      <method name="&lt;init&gt;" desc="()V" line="155">
        <counter type="INSTRUCTION" missed="42" covered="0"/>
        <counter type="LINE" missed="15" covered="0"/>
        <counter type="COMPLEXITY" missed="1" covered="0"/>
        <counter type="METHOD" missed="1" covered="0"/>
      </method>
      <method name="&lt;init&gt;"
        desc="(Lse/bjurr/violations/lib/model/Violation$ViolationBuilder;)V" line="171">
        <counter type="INSTRUCTION" missed="0" covered="101"/>
        <counter type="BRANCH" missed="1" covered="3"/>
        <counter type="LINE" missed="0" covered="18"/>
        <counter type="COMPLEXITY" missed="1" covered="2"/>
        <counter type="METHOD" missed="0" covered="1"/>
      </method>
      <method name="&lt;init&gt;" desc="(Lse/bjurr/violations/lib/model/Violation;)V" line="192">
        <counter type="INSTRUCTION" missed="0" covered="59"/>
        <counter type="LINE" missed="0" covered="16"/>
        <counter type="COMPLEXITY" missed="0" covered="1"/>
        <counter type="METHOD" missed="0" covered="1"/>
      </method>
      <method name="equals" desc="(Ljava/lang/Object;)Z" line="211">
        <counter type="INSTRUCTION" missed="80" covered="147"/>
        <counter type="BRANCH" missed="45" covered="37"/>
        <counter type="LINE" missed="35" covered="37"/>
        <counter type="COMPLEXITY" missed="35" covered="7"/>
        <counter type="METHOD" missed="0" covered="1"/>
      </method>
      <method name="getColumn" desc="()Ljava/lang/Integer;" line="315">
        <counter type="INSTRUCTION" missed="0" covered="7"/>
        <counter type="LINE" missed="0" covered="1"/>
        <counter type="COMPLEXITY" missed="0" covered="1"/>
        <counter type="METHOD" missed="0" covered="1"/>
      </method>
      <method name="getEndLine" desc="()Ljava/lang/Integer;" line="319">
        <counter type="INSTRUCTION" missed="0" covered="3"/>
        <counter type="LINE" missed="0" covered="1"/>
        <counter type="COMPLEXITY" missed="0" covered="1"/>
        <counter type="METHOD" missed="0" covered="1"/>
      </method>
      <method name="getEndColumn" desc="()Ljava/lang/Integer;" line="323">
        <counter type="INSTRUCTION" missed="0" covered="3"/>
        <counter type="LINE" missed="0" covered="1"/>
        <counter type="COMPLEXITY" missed="0" covered="1"/>
        <counter type="METHOD" missed="0" covered="1"/>
      </method>
      <method name="getFile" desc="()Ljava/lang/String;" line="327">
        <counter type="INSTRUCTION" missed="0" covered="3"/>
        <counter type="LINE" missed="0" covered="1"/>
        <counter type="COMPLEXITY" missed="0" covered="1"/>
        <counter type="METHOD" missed="0" covered="1"/>
      </method>
      <method name="getMessage" desc="()Ljava/lang/String;" line="331">
        <counter type="INSTRUCTION" missed="0" covered="3"/>
        <counter type="LINE" missed="0" covered="1"/>
        <counter type="COMPLEXITY" missed="0" covered="1"/>
        <counter type="METHOD" missed="0" covered="1"/>
      </method>
      <method name="getParser" desc="()Lse/bjurr/violations/lib/reports/Parser;" line="335">
        <counter type="INSTRUCTION" missed="0" covered="3"/>
        <counter type="LINE" missed="0" covered="1"/>
        <counter type="COMPLEXITY" missed="0" covered="1"/>
        <counter type="METHOD" missed="0" covered="1"/>
      </method>
      <method name="setReporter" desc="(Ljava/lang/String;)V" line="339">
        <counter type="INSTRUCTION" missed="0" covered="7"/>
        <counter type="LINE" missed="0" covered="2"/>
        <counter type="COMPLEXITY" missed="0" covered="1"/>
        <counter type="METHOD" missed="0" covered="1"/>
      </method>
      <method name="getReporter" desc="()Ljava/lang/String;" line="343">
        <counter type="INSTRUCTION" missed="0" covered="3"/>
        <counter type="LINE" missed="0" covered="1"/>
        <counter type="COMPLEXITY" missed="0" covered="1"/>
        <counter type="METHOD" missed="0" covered="1"/>
      </method>
      <method name="getRule" desc="()Ljava/lang/String;" line="347">
        <counter type="INSTRUCTION" missed="0" covered="3"/>
        <counter type="LINE" missed="0" covered="1"/>
        <counter type="COMPLEXITY" missed="0" covered="1"/>
        <counter type="METHOD" missed="0" covered="1"/>
      </method>
      <method name="getCategory" desc="()Ljava/lang/String;" line="351">
        <counter type="INSTRUCTION" missed="0" covered="3"/>
        <counter type="LINE" missed="0" covered="1"/>
        <counter type="COMPLEXITY" missed="0" covered="1"/>
        <counter type="METHOD" missed="0" covered="1"/>
      </method>
      <method name="getSeverity" desc="()Lse/bjurr/violations/lib/model/SEVERITY;" line="355">
        <counter type="INSTRUCTION" missed="0" covered="3"/>
        <counter type="LINE" missed="0" covered="1"/>
        <counter type="COMPLEXITY" missed="0" covered="1"/>
        <counter type="METHOD" missed="0" covered="1"/>
      </method>
      <method name="getSource" desc="()Ljava/lang/String;" line="360">
        <counter type="INSTRUCTION" missed="0" covered="3"/>
        <counter type="LINE" missed="0" covered="1"/>
        <counter type="COMPLEXITY" missed="0" covered="1"/>
        <counter type="METHOD" missed="0" covered="1"/>
      </method>
      <method name="getSpecifics" desc="()Ljava/util/Map;" line="368">
        <counter type="INSTRUCTION" missed="0" covered="3"/>
        <counter type="LINE" missed="0" covered="1"/>
        <counter type="COMPLEXITY" missed="0" covered="1"/>
        <counter type="METHOD" missed="0" covered="1"/>
      </method>
      <method name="getStartLine" desc="()Ljava/lang/Integer;" line="372">
        <counter type="INSTRUCTION" missed="0" covered="3"/>
        <counter type="LINE" missed="0" covered="1"/>
        <counter type="COMPLEXITY" missed="0" covered="1"/>
        <counter type="METHOD" missed="0" covered="1"/>
      </method>
      <method name="getGroup" desc="()Ljava/lang/String;" line="376">
        <counter type="INSTRUCTION" missed="0" covered="3"/>
        <counter type="LINE" missed="0" covered="1"/>
        <counter type="COMPLEXITY" missed="0" covered="1"/>
        <counter type="METHOD" missed="0" covered="1"/>
      </method>
      <method name="hashCode" desc="()I" line="381">
        <counter type="INSTRUCTION" missed="188" covered="0"/>
        <counter type="BRANCH" missed="28" covered="0"/>
        <counter type="LINE" missed="17" covered="0"/>
        <counter type="COMPLEXITY" missed="15" covered="0"/>
        <counter type="METHOD" missed="1" covered="0"/>
      </method>
      <method name="toString" desc="()Ljava/lang/String;" line="402">
        <counter type="INSTRUCTION" missed="77" covered="0"/>
        <counter type="LINE" missed="1" covered="0"/>
        <counter type="COMPLEXITY" missed="1" covered="0"/>
        <counter type="METHOD" missed="1" covered="0"/>
      </method>
      <method name="compareTo" desc="(Lse/bjurr/violations/lib/model/Violation;)I" line="435">
        <counter type="INSTRUCTION" missed="0" covered="8"/>
        <counter type="LINE" missed="0" covered="1"/>
        <counter type="COMPLEXITY" missed="0" covered="1"/>
        <counter type="METHOD" missed="0" covered="1"/>
      </method>
      <method name="comparingString"
        desc="(Lse/bjurr/violations/lib/model/Violation;)Ljava/lang/String;" line="439">
        <counter type="INSTRUCTION" missed="0" covered="71"/>
        <counter type="LINE" missed="0" covered="13"/>
        <counter type="COMPLEXITY" missed="0" covered="1"/>
        <counter type="METHOD" missed="0" covered="1"/>
      </method>
      <counter type="INSTRUCTION" missed="387" covered="444"/>
      <counter type="BRANCH" missed="74" covered="40"/>
      <counter type="LINE" missed="68" covered="102"/>
      <counter type="COMPLEXITY" missed="53" covered="28"/>
      <counter type="METHOD" missed="3" covered="21"/>
      <counter type="CLASS" missed="0" covered="1"/>
    </class>
    <class name="se/bjurr/violations/lib/model/SEVERITY" sourcefilename="SEVERITY.java">
      <method name="&lt;clinit&gt;" desc="()V" line="3">
        <counter type="INSTRUCTION" missed="0" covered="34"/>
        <counter type="LINE" missed="0" covered="4"/>
        <counter type="COMPLEXITY" missed="0" covered="1"/>
        <counter type="METHOD" missed="0" covered="1"/>
      </method>
      <counter type="INSTRUCTION" missed="0" covered="34"/>
      <counter type="LINE" missed="0" covered="4"/>
      <counter type="COMPLEXITY" missed="0" covered="1"/>
      <counter type="METHOD" missed="0" covered="1"/>
      <counter type="CLASS" missed="0" covered="1"/>
    </class>
    <sourcefile name="Violation.java">
      <line nr="28" mi="0" ci="5" mb="0" cb="0"/>
      <line nr="32" mi="0" ci="3" mb="0" cb="0"/>
      <line nr="35" mi="0" ci="5" mb="0" cb="0"/>
      <line nr="39" mi="0" ci="3" mb="0" cb="0"/>
      <line nr="40" mi="0" ci="2" mb="0" cb="0"/>
      <line nr="44" mi="0" ci="3" mb="0" cb="0"/>
      <line nr="45" mi="0" ci="2" mb="0" cb="0"/>
      <line nr="49" mi="0" ci="3" mb="0" cb="0"/>
      <line nr="50" mi="0" ci="2" mb="0" cb="0"/>
      <line nr="54" mi="0" ci="3" mb="0" cb="0"/>
      <line nr="55" mi="0" ci="2" mb="0" cb="0"/>
      <line nr="59" mi="0" ci="3" mb="0" cb="0"/>
      <line nr="60" mi="0" ci="2" mb="0" cb="0"/>
      <line nr="64" mi="0" ci="3" mb="0" cb="0"/>
      <line nr="65" mi="0" ci="2" mb="0" cb="0"/>
      <line nr="69" mi="0" ci="3" mb="0" cb="0"/>
      <line nr="70" mi="0" ci="2" mb="0" cb="0"/>
      <line nr="74" mi="0" ci="3" mb="0" cb="0"/>
      <line nr="75" mi="0" ci="2" mb="0" cb="0"/>
      <line nr="79" mi="0" ci="3" mb="0" cb="0"/>
      <line nr="80" mi="0" ci="2" mb="0" cb="0"/>
      <line nr="84" mi="0" ci="3" mb="0" cb="0"/>
      <line nr="85" mi="0" ci="2" mb="0" cb="0"/>
      <line nr="89" mi="0" ci="3" mb="0" cb="0"/>
      <line nr="90" mi="0" ci="2" mb="0" cb="0"/>
      <line nr="94" mi="0" ci="8" mb="0" cb="0"/>
      <line nr="95" mi="0" ci="2" mb="0" cb="0"/>
      <line nr="99" mi="0" ci="6" mb="0" cb="0"/>
      <line nr="100" mi="0" ci="2" mb="0" cb="0"/>
      <line nr="104" mi="0" ci="3" mb="0" cb="0"/>
      <line nr="105" mi="0" ci="2" mb="0" cb="0"/>
      <line nr="109" mi="0" ci="3" mb="0" cb="0"/>
      <line nr="110" mi="0" ci="2" mb="0" cb="0"/>
      <line nr="114" mi="0" ci="3" mb="0" cb="0"/>
      <line nr="115" mi="0" ci="2" mb="0" cb="0"/>
      <line nr="124" mi="0" ci="5" mb="0" cb="0"/>
      <line nr="155" mi="2" ci="0" mb="0" cb="0"/>
      <line nr="156" mi="3" ci="0" mb="0" cb="0"/>
      <line nr="157" mi="3" ci="0" mb="0" cb="0"/>
      <line nr="158" mi="3" ci="0" mb="0" cb="0"/>
      <line nr="159" mi="3" ci="0" mb="0" cb="0"/>
      <line nr="160" mi="3" ci="0" mb="0" cb="0"/>
      <line nr="161" mi="3" ci="0" mb="0" cb="0"/>
      <line nr="162" mi="3" ci="0" mb="0" cb="0"/>
      <line nr="163" mi="3" ci="0" mb="0" cb="0"/>
      <line nr="164" mi="3" ci="0" mb="0" cb="0"/>
      <line nr="165" mi="3" ci="0" mb="0" cb="0"/>
      <line nr="166" mi="3" ci="0" mb="0" cb="0"/>
      <line nr="167" mi="3" ci="0" mb="0" cb="0"/>
      <line nr="168" mi="3" ci="0" mb="0" cb="0"/>
      <line nr="169" mi="1" ci="0" mb="0" cb="0"/>
      <line nr="171" mi="0" ci="2" mb="0" cb="0"/>
      <line nr="172" mi="0" ci="7" mb="0" cb="0"/>
      <line nr="173" mi="0" ci="8" mb="1" cb="3"/>
      <line nr="174" mi="0" ci="5" mb="0" cb="0"/>
      <line nr="176" mi="0" ci="5" mb="0" cb="0"/>
      <line nr="178" mi="0" ci="7" mb="0" cb="0"/>
      <line nr="179" mi="0" ci="8" mb="0" cb="0"/>
      <line nr="180" mi="0" ci="4" mb="0" cb="0"/>
      <line nr="181" mi="0" ci="4" mb="0" cb="0"/>
      <line nr="182" mi="0" ci="7" mb="0" cb="0"/>
      <line nr="183" mi="0" ci="8" mb="0" cb="0"/>
      <line nr="184" mi="0" ci="11" mb="0" cb="0"/>
      <line nr="185" mi="0" ci="5" mb="0" cb="0"/>
      <line nr="186" mi="0" ci="5" mb="0" cb="0"/>
      <line nr="187" mi="0" ci="5" mb="0" cb="0"/>
      <line nr="188" mi="0" ci="5" mb="0" cb="0"/>
      <line nr="189" mi="0" ci="4" mb="0" cb="0"/>
      <line nr="190" mi="0" ci="1" mb="0" cb="0"/>
      <line nr="192" mi="0" ci="2" mb="0" cb="0"/>
      <line nr="193" mi="0" ci="4" mb="0" cb="0"/>
      <line nr="194" mi="0" ci="4" mb="0" cb="0"/>
      <line nr="195" mi="0" ci="4" mb="0" cb="0"/>
      <line nr="196" mi="0" ci="4" mb="0" cb="0"/>
      <line nr="197" mi="0" ci="4" mb="0" cb="0"/>
      <line nr="198" mi="0" ci="4" mb="0" cb="0"/>
      <line nr="199" mi="0" ci="4" mb="0" cb="0"/>
      <line nr="200" mi="0" ci="4" mb="0" cb="0"/>
      <line nr="201" mi="0" ci="4" mb="0" cb="0"/>
      <line nr="202" mi="0" ci="4" mb="0" cb="0"/>
      <line nr="203" mi="0" ci="4" mb="0" cb="0"/>
      <line nr="204" mi="0" ci="4" mb="0" cb="0"/>
      <line nr="205" mi="0" ci="4" mb="0" cb="0"/>
      <line nr="206" mi="0" ci="4" mb="0" cb="0"/>
      <line nr="207" mi="0" ci="1" mb="0" cb="0"/>
      <line nr="211" mi="0" ci="3" mb="1" cb="1"/>
      <line nr="212" mi="2" ci="0" mb="0" cb="0"/>
      <line nr="214" mi="0" ci="2" mb="1" cb="1"/>
      <line nr="215" mi="2" ci="0" mb="0" cb="0"/>
      <line nr="217" mi="0" ci="5" mb="1" cb="1"/>
      <line nr="218" mi="2" ci="0" mb="0" cb="0"/>
      <line nr="220" mi="0" ci="3" mb="0" cb="0"/>
      <line nr="221" mi="0" ci="3" mb="1" cb="1"/>
      <line nr="222" mi="3" ci="0" mb="2" cb="0"/>
      <line nr="223" mi="2" ci="0" mb="0" cb="0"/>
      <line nr="225" mi="0" ci="6" mb="1" cb="1"/>
      <line nr="226" mi="2" ci="0" mb="0" cb="0"/>
      <line nr="228" mi="0" ci="3" mb="0" cb="2"/>
      <line nr="229" mi="0" ci="3" mb="0" cb="2"/>
      <line nr="230" mi="0" ci="2" mb="0" cb="0"/>
      <line nr="232" mi="0" ci="6" mb="0" cb="2"/>
      <line nr="233" mi="0" ci="2" mb="0" cb="0"/>
      <line nr="235" mi="0" ci="3" mb="1" cb="1"/>
      <line nr="236" mi="3" ci="0" mb="2" cb="0"/>
      <line nr="237" mi="2" ci="0" mb="0" cb="0"/>
      <line nr="239" mi="0" ci="6" mb="0" cb="2"/>
      <line nr="240" mi="0" ci="2" mb="0" cb="0"/>
      <line nr="242" mi="0" ci="3" mb="0" cb="2"/>
      <line nr="243" mi="0" ci="3" mb="1" cb="1"/>
      <line nr="244" mi="2" ci="0" mb="0" cb="0"/>
      <line nr="246" mi="0" ci="6" mb="1" cb="1"/>
      <line nr="247" mi="2" ci="0" mb="0" cb="0"/>
      <line nr="249" mi="0" ci="3" mb="1" cb="1"/>
      <line nr="250" mi="3" ci="0" mb="2" cb="0"/>
      <line nr="251" mi="2" ci="0" mb="0" cb="0"/>
      <line nr="253" mi="0" ci="6" mb="0" cb="2"/>
      <line nr="254" mi="0" ci="2" mb="0" cb="0"/>
      <line nr="256" mi="0" ci="3" mb="1" cb="1"/>
      <line nr="257" mi="3" ci="0" mb="2" cb="0"/>
      <line nr="258" mi="2" ci="0" mb="0" cb="0"/>
      <line nr="260" mi="0" ci="6" mb="1" cb="1"/>
      <line nr="261" mi="2" ci="0" mb="0" cb="0"/>
      <line nr="263" mi="0" ci="3" mb="1" cb="1"/>
      <line nr="264" mi="3" ci="0" mb="2" cb="0"/>
      <line nr="265" mi="2" ci="0" mb="0" cb="0"/>
      <line nr="267" mi="0" ci="6" mb="1" cb="1"/>
      <line nr="268" mi="2" ci="0" mb="0" cb="0"/>
      <line nr="270" mi="0" ci="5" mb="1" cb="1"/>
      <line nr="271" mi="2" ci="0" mb="0" cb="0"/>
      <line nr="273" mi="0" ci="3" mb="1" cb="1"/>
      <line nr="274" mi="3" ci="0" mb="2" cb="0"/>
      <line nr="275" mi="2" ci="0" mb="0" cb="0"/>
      <line nr="277" mi="0" ci="6" mb="1" cb="1"/>
      <line nr="278" mi="2" ci="0" mb="0" cb="0"/>
      <line nr="280" mi="0" ci="3" mb="1" cb="1"/>
      <line nr="281" mi="3" ci="0" mb="2" cb="0"/>
      <line nr="282" mi="2" ci="0" mb="0" cb="0"/>
      <line nr="284" mi="0" ci="6" mb="1" cb="1"/>
      <line nr="285" mi="2" ci="0" mb="0" cb="0"/>
      <line nr="287" mi="0" ci="5" mb="1" cb="1"/>
      <line nr="288" mi="2" ci="0" mb="0" cb="0"/>
      <line nr="290" mi="0" ci="3" mb="1" cb="1"/>
      <line nr="291" mi="3" ci="0" mb="2" cb="0"/>
      <line nr="292" mi="2" ci="0" mb="0" cb="0"/>
      <line nr="294" mi="0" ci="6" mb="1" cb="1"/>
      <line nr="295" mi="2" ci="0" mb="0" cb="0"/>
      <line nr="297" mi="0" ci="3" mb="1" cb="1"/>
      <line nr="298" mi="3" ci="0" mb="2" cb="0"/>
      <line nr="299" mi="2" ci="0" mb="0" cb="0"/>
      <line nr="301" mi="0" ci="6" mb="1" cb="1"/>
      <line nr="302" mi="2" ci="0" mb="0" cb="0"/>
      <line nr="304" mi="0" ci="3" mb="1" cb="1"/>
      <line nr="305" mi="3" ci="0" mb="2" cb="0"/>
      <line nr="306" mi="2" ci="0" mb="0" cb="0"/>
      <line nr="308" mi="0" ci="6" mb="1" cb="1"/>
      <line nr="309" mi="2" ci="0" mb="0" cb="0"/>
      <line nr="311" mi="0" ci="2" mb="0" cb="0"/>
      <line nr="315" mi="0" ci="7" mb="0" cb="0"/>
      <line nr="319" mi="0" ci="3" mb="0" cb="0"/>
      <line nr="323" mi="0" ci="3" mb="0" cb="0"/>
      <line nr="327" mi="0" ci="3" mb="0" cb="0"/>
      <line nr="331" mi="0" ci="3" mb="0" cb="0"/>
      <line nr="335" mi="0" ci="3" mb="0" cb="0"/>
      <line nr="339" mi="0" ci="6" mb="0" cb="0"/>
      <line nr="340" mi="0" ci="1" mb="0" cb="0"/>
      <line nr="343" mi="0" ci="3" mb="0" cb="0"/>
      <line nr="347" mi="0" ci="3" mb="0" cb="0"/>
      <line nr="351" mi="0" ci="3" mb="0" cb="0"/>
      <line nr="355" mi="0" ci="3" mb="0" cb="0"/>
      <line nr="360" mi="0" ci="3" mb="0" cb="0"/>
      <line nr="368" mi="0" ci="3" mb="0" cb="0"/>
      <line nr="372" mi="0" ci="3" mb="0" cb="0"/>
      <line nr="376" mi="0" ci="3" mb="0" cb="0"/>
      <line nr="381" mi="2" ci="0" mb="0" cb="0"/>
      <line nr="382" mi="2" ci="0" mb="0" cb="0"/>
      <line nr="383" mi="13" ci="0" mb="2" cb="0"/>
      <line nr="384" mi="13" ci="0" mb="2" cb="0"/>
      <line nr="385" mi="13" ci="0" mb="2" cb="0"/>
      <line nr="386" mi="13" ci="0" mb="2" cb="0"/>
      <line nr="387" mi="13" ci="0" mb="2" cb="0"/>
      <line nr="388" mi="13" ci="0" mb="2" cb="0"/>
      <line nr="389" mi="13" ci="0" mb="2" cb="0"/>
      <line nr="390" mi="13" ci="0" mb="2" cb="0"/>
      <line nr="391" mi="13" ci="0" mb="2" cb="0"/>
      <line nr="392" mi="13" ci="0" mb="2" cb="0"/>
      <line nr="393" mi="13" ci="0" mb="2" cb="0"/>
      <line nr="394" mi="13" ci="0" mb="2" cb="0"/>
      <line nr="395" mi="13" ci="0" mb="2" cb="0"/>
      <line nr="396" mi="13" ci="0" mb="2" cb="0"/>
      <line nr="397" mi="2" ci="0" mb="0" cb="0"/>
      <line nr="402" mi="77" ci="0" mb="0" cb="0"/>
      <line nr="435" mi="0" ci="8" mb="0" cb="0"/>
      <line nr="439" mi="0" ci="11" mb="0" cb="0"/>
      <line nr="441" mi="0" ci="7" mb="0" cb="0"/>
      <line nr="443" mi="0" ci="5" mb="0" cb="0"/>
      <line nr="445" mi="0" ci="5" mb="0" cb="0"/>
      <line nr="447" mi="0" ci="5" mb="0" cb="0"/>
      <line nr="449" mi="0" ci="5" mb="0" cb="0"/>
      <line nr="451" mi="0" ci="5" mb="0" cb="0"/>
      <line nr="453" mi="0" ci="5" mb="0" cb="0"/>
      <line nr="455" mi="0" ci="5" mb="0" cb="0"/>
      <line nr="457" mi="0" ci="5" mb="0" cb="0"/>
      <line nr="459" mi="0" ci="5" mb="0" cb="0"/>
      <line nr="461" mi="0" ci="5" mb="0" cb="0"/>
      <line nr="463" mi="0" ci="3" mb="0" cb="0"/>
      <counter type="INSTRUCTION" missed="387" covered="545"/>
      <counter type="BRANCH" missed="74" covered="40"/>
      <counter type="LINE" missed="68" covered="137"/>
      <counter type="COMPLEXITY" missed="53" covered="46"/>
      <counter type="METHOD" missed="3" covered="39"/>
      <counter type="CLASS" missed="0" covered="2"/>
    </sourcefile>
    <sourcefile name="SEVERITY.java">
      <line nr="3" mi="0" ci="16" mb="0" cb="0"/>
      <line nr="4" mi="0" ci="6" mb="0" cb="0"/>
      <line nr="5" mi="0" ci="6" mb="0" cb="0"/>
      <line nr="6" mi="0" ci="6" mb="0" cb="0"/>
      <counter type="INSTRUCTION" missed="0" covered="34"/>
      <counter type="LINE" missed="0" covered="4"/>
      <counter type="COMPLEXITY" missed="0" covered="1"/>
      <counter type="METHOD" missed="0" covered="1"/>
      <counter type="CLASS" missed="0" covered="1"/>
    </sourcefile>
    <counter type="INSTRUCTION" missed="387" covered="579"/>
    <counter type="BRANCH" missed="74" covered="40"/>
    <counter type="LINE" missed="68" covered="141"/>
    <counter type="COMPLEXITY" missed="53" covered="47"/>
    <counter type="METHOD" missed="3" covered="40"/>
    <counter type="CLASS" missed="0" covered="3"/>
  </package>
  <package name="se/bjurr/violations/lib/parsers">
    <class name="se/bjurr/violations/lib/parsers/PiTestParser" sourcefilename="PiTestParser.java">
      <method name="&lt;init&gt;" desc="()V" line="21">
        <counter type="INSTRUCTION" missed="0" covered="3"/>
        <counter type="LINE" missed="0" covered="1"/>
        <counter type="COMPLEXITY" missed="0" covered="1"/>
        <counter type="METHOD" missed="0" covered="1"/>
      </method>
      <method name="parseReportOutput"
        desc="(Ljava/lang/String;Lse/bjurr/violations/lib/ViolationsLogger;)Ljava/util/Set;"
        line="26">
        <counter type="INSTRUCTION" missed="0" covered="219"/>
        <counter type="BRANCH" missed="0" covered="24"/>
        <counter type="LINE" missed="0" covered="65"/>
        <counter type="COMPLEXITY" missed="0" covered="13"/>
        <counter type="METHOD" missed="0" covered="1"/>
      </method>
      <method name="toFilename" desc="(Ljava/lang/String;Ljava/lang/String;)Ljava/lang/String;"
        line="109">
        <counter type="INSTRUCTION" missed="0" covered="19"/>
        <counter type="LINE" missed="0" covered="1"/>
        <counter type="COMPLEXITY" missed="0" covered="1"/>
        <counter type="METHOD" missed="0" covered="1"/>
      </method>
      <counter type="INSTRUCTION" missed="0" covered="241"/>
      <counter type="BRANCH" missed="0" covered="24"/>
      <counter type="LINE" missed="0" covered="67"/>
      <counter type="COMPLEXITY" missed="0" covered="15"/>
      <counter type="METHOD" missed="0" covered="3"/>
      <counter type="CLASS" missed="0" covered="1"/>
    </class>
    <class name="se/bjurr/violations/lib/parsers/SbtScalacParser"
      sourcefilename="SbtScalacParser.java">
      <method name="&lt;init&gt;" desc="()V" line="18">
        <counter type="INSTRUCTION" missed="0" covered="3"/>
        <counter type="LINE" missed="0" covered="1"/>
        <counter type="COMPLEXITY" missed="0" covered="1"/>
        <counter type="METHOD" missed="0" covered="1"/>
      </method>
      <method name="parseReportOutput"
        desc="(Ljava/lang/String;Lse/bjurr/violations/lib/ViolationsLogger;)Ljava/util/Set;"
        line="23">
        <counter type="INSTRUCTION" missed="0" covered="60"/>
        <counter type="BRANCH" missed="0" covered="2"/>
        <counter type="LINE" missed="0" covered="18"/>
        <counter type="COMPLEXITY" missed="0" covered="2"/>
        <counter type="METHOD" missed="0" covered="1"/>
      </method>
      <method name="toSeverity" desc="(Ljava/lang/String;)Lse/bjurr/violations/lib/model/SEVERITY;"
        line="45">
        <counter type="INSTRUCTION" missed="8" covered="6"/>
        <counter type="BRANCH" missed="3" covered="1"/>
        <counter type="LINE" missed="3" covered="2"/>
        <counter type="COMPLEXITY" missed="2" covered="1"/>
        <counter type="METHOD" missed="0" covered="1"/>
      </method>
      <counter type="INSTRUCTION" missed="8" covered="69"/>
      <counter type="BRANCH" missed="3" covered="3"/>
      <counter type="LINE" missed="3" covered="21"/>
      <counter type="COMPLEXITY" missed="2" covered="4"/>
      <counter type="METHOD" missed="0" covered="3"/>
      <counter type="CLASS" missed="0" covered="1"/>
    </class>
    <class name="se/bjurr/violations/lib/parsers/SonarParser$SonarReport"
      sourcefilename="SonarParser.java">
      <method name="&lt;init&gt;" desc="()V" line="87">
        <counter type="INSTRUCTION" missed="0" covered="3"/>
        <counter type="LINE" missed="0" covered="1"/>
        <counter type="COMPLEXITY" missed="0" covered="1"/>
        <counter type="METHOD" missed="0" covered="1"/>
      </method>
      <method name="setIssues" desc="(Ljava/util/List;)V" line="92">
        <counter type="INSTRUCTION" missed="4" covered="0"/>
        <counter type="LINE" missed="2" covered="0"/>
        <counter type="COMPLEXITY" missed="1" covered="0"/>
        <counter type="METHOD" missed="1" covered="0"/>
      </method>
      <method name="getIssues" desc="()Ljava/util/List;" line="96">
        <counter type="INSTRUCTION" missed="4" covered="6"/>
        <counter type="BRANCH" missed="1" covered="1"/>
        <counter type="LINE" missed="1" covered="2"/>
        <counter type="COMPLEXITY" missed="1" covered="1"/>
        <counter type="METHOD" missed="0" covered="1"/>
      </method>
      <counter type="INSTRUCTION" missed="8" covered="9"/>
      <counter type="BRANCH" missed="1" covered="1"/>
      <counter type="LINE" missed="3" covered="3"/>
      <counter type="COMPLEXITY" missed="2" covered="2"/>
      <counter type="METHOD" missed="1" covered="2"/>
      <counter type="CLASS" missed="0" covered="1"/>
    </class>
    <class name="se/bjurr/violations/lib/parsers/CPDParser" sourcefilename="CPDParser.java">
      <method name="&lt;init&gt;" desc="()V" line="25">
        <counter type="INSTRUCTION" missed="0" covered="3"/>
        <counter type="LINE" missed="0" covered="1"/>
        <counter type="COMPLEXITY" missed="0" covered="1"/>
        <counter type="METHOD" missed="0" covered="1"/>
      </method>
      <method name="getSeverity"
        desc="(Ljava/lang/Integer;)Lse/bjurr/violations/lib/model/SEVERITY;" line="28">
        <counter type="INSTRUCTION" missed="8" covered="6"/>
        <counter type="BRANCH" missed="3" covered="1"/>
        <counter type="LINE" missed="3" covered="2"/>
        <counter type="COMPLEXITY" missed="2" covered="1"/>
        <counter type="METHOD" missed="0" covered="1"/>
      </method>
      <method name="parseReportOutput"
        desc="(Ljava/lang/String;Lse/bjurr/violations/lib/ViolationsLogger;)Ljava/util/Set;"
        line="40">
        <counter type="INSTRUCTION" missed="0" covered="116"/>
        <counter type="BRANCH" missed="0" covered="12"/>
        <counter type="LINE" missed="0" covered="32"/>
        <counter type="COMPLEXITY" missed="0" covered="7"/>
        <counter type="METHOD" missed="0" covered="1"/>
      </method>
      <counter type="INSTRUCTION" missed="8" covered="125"/>
      <counter type="BRANCH" missed="3" covered="13"/>
      <counter type="LINE" missed="3" covered="35"/>
      <counter type="COMPLEXITY" missed="2" covered="9"/>
      <counter type="METHOD" missed="0" covered="3"/>
      <counter type="CLASS" missed="0" covered="1"/>
    </class>
    <class name="se/bjurr/violations/lib/parsers/CLangParser" sourcefilename="CLangParser.java">
      <method name="&lt;init&gt;" desc="()V" line="20">
        <counter type="INSTRUCTION" missed="0" covered="3"/>
        <counter type="LINE" missed="0" covered="1"/>
        <counter type="COMPLEXITY" missed="0" covered="1"/>
        <counter type="METHOD" missed="0" covered="1"/>
      </method>
      <method name="parseReportOutput"
        desc="(Ljava/lang/String;Lse/bjurr/violations/lib/ViolationsLogger;)Ljava/util/Set;"
        line="25">
        <counter type="INSTRUCTION" missed="0" covered="101"/>
        <counter type="BRANCH" missed="4" covered="8"/>
        <counter type="LINE" missed="0" covered="27"/>
        <counter type="COMPLEXITY" missed="4" covered="3"/>
        <counter type="METHOD" missed="0" covered="1"/>
      </method>
      <method name="toSeverity" desc="(Ljava/lang/String;)Lse/bjurr/violations/lib/model/SEVERITY;"
        line="58">
        <counter type="INSTRUCTION" missed="2" covered="43"/>
        <counter type="BRANCH" missed="2" covered="14"/>
        <counter type="LINE" missed="1" covered="9"/>
        <counter type="COMPLEXITY" missed="2" covered="7"/>
        <counter type="METHOD" missed="0" covered="1"/>
      </method>
      <counter type="INSTRUCTION" missed="2" covered="147"/>
      <counter type="BRANCH" missed="6" covered="22"/>
      <counter type="LINE" missed="1" covered="37"/>
      <counter type="COMPLEXITY" missed="6" covered="11"/>
      <counter type="METHOD" missed="0" covered="3"/>
      <counter type="CLASS" missed="0" covered="1"/>
    </class>
    <class name="se/bjurr/violations/lib/parsers/FindbugsParser"
      sourcefilename="FindbugsParser.java">
      <method name="&lt;init&gt;" desc="()V" line="33">
        <counter type="INSTRUCTION" missed="0" covered="3"/>
        <counter type="LINE" missed="0" covered="1"/>
        <counter type="COMPLEXITY" missed="0" covered="1"/>
        <counter type="METHOD" missed="0" covered="1"/>
      </method>
      <method name="setFindbugsMessagesXml" desc="(Ljava/lang/String;)V" line="41">
        <counter type="INSTRUCTION" missed="3" covered="0"/>
        <counter type="LINE" missed="2" covered="0"/>
        <counter type="COMPLEXITY" missed="1" covered="0"/>
        <counter type="METHOD" missed="1" covered="0"/>
      </method>
      <method name="setFindSecurityBugsMessagesXml" desc="(Ljava/lang/String;)V" line="45">
        <counter type="INSTRUCTION" missed="3" covered="0"/>
        <counter type="LINE" missed="2" covered="0"/>
        <counter type="COMPLEXITY" missed="1" covered="0"/>
        <counter type="METHOD" missed="1" covered="0"/>
      </method>
      <method name="getMessagesPerType"
        desc="(Lse/bjurr/violations/lib/ViolationsLogger;Ljava/lang/String;)Ljava/util/Map;"
        line="50">
        <counter type="INSTRUCTION" missed="7" covered="82"/>
        <counter type="BRANCH" missed="0" covered="14"/>
        <counter type="LINE" missed="2" covered="21"/>
        <counter type="COMPLEXITY" missed="0" covered="8"/>
        <counter type="METHOD" missed="0" covered="1"/>
      </method>
      <method name="parseBugInstance"
        desc="(Ljavax/xml/stream/XMLStreamReader;Ljava/util/Set;Ljava/util/Map;)V" line="89">
        <counter type="INSTRUCTION" missed="3" covered="110"/>
        <counter type="BRANCH" missed="4" covered="14"/>
        <counter type="LINE" missed="2" covered="34"/>
        <counter type="COMPLEXITY" missed="4" covered="6"/>
        <counter type="METHOD" missed="0" covered="1"/>
      </method>
      <method name="parseReportOutput"
        desc="(Ljava/lang/String;Lse/bjurr/violations/lib/ViolationsLogger;)Ljava/util/Set;"
        line="145">
        <counter type="INSTRUCTION" missed="0" covered="55"/>
        <counter type="BRANCH" missed="0" covered="6"/>
        <counter type="LINE" missed="0" covered="16"/>
        <counter type="COMPLEXITY" missed="0" covered="4"/>
        <counter type="METHOD" missed="0" covered="1"/>
      </method>
      <method name="getMessagesXml" desc="(Ljava/lang/String;Ljava/lang/String;)Ljava/lang/String;"
        line="172">
        <counter type="INSTRUCTION" missed="14" covered="15"/>
        <counter type="BRANCH" missed="2" covered="2"/>
        <counter type="LINE" missed="2" covered="6"/>
        <counter type="COMPLEXITY" missed="2" covered="1"/>
        <counter type="METHOD" missed="0" covered="1"/>
      </method>
      <method name="toSeverity" desc="(Ljava/lang/Integer;)Lse/bjurr/violations/lib/model/SEVERITY;"
        line="189">
        <counter type="INSTRUCTION" missed="0" covered="14"/>
        <counter type="BRANCH" missed="0" covered="4"/>
        <counter type="LINE" missed="0" covered="5"/>
        <counter type="COMPLEXITY" missed="0" covered="3"/>
        <counter type="METHOD" missed="0" covered="1"/>
      </method>
      <counter type="INSTRUCTION" missed="30" covered="279"/>
      <counter type="BRANCH" missed="6" covered="40"/>
      <counter type="LINE" missed="10" covered="83"/>
      <counter type="COMPLEXITY" missed="8" covered="23"/>
      <counter type="METHOD" missed="2" covered="6"/>
      <counter type="CLASS" missed="0" covered="1"/>
    </class>
    <class name="se/bjurr/violations/lib/parsers/IARParser" sourcefilename="IARParser.java">
      <method name="&lt;init&gt;" desc="()V" line="20">
        <counter type="INSTRUCTION" missed="0" covered="3"/>
        <counter type="LINE" missed="0" covered="1"/>
        <counter type="COMPLEXITY" missed="0" covered="1"/>
        <counter type="METHOD" missed="0" covered="1"/>
      </method>
      <method name="parseReportOutput"
        desc="(Ljava/lang/String;Lse/bjurr/violations/lib/ViolationsLogger;)Ljava/util/Set;"
        line="25">
        <counter type="INSTRUCTION" missed="0" covered="78"/>
        <counter type="BRANCH" missed="0" covered="2"/>
        <counter type="LINE" missed="0" covered="22"/>
        <counter type="COMPLEXITY" missed="0" covered="2"/>
        <counter type="METHOD" missed="0" covered="1"/>
      </method>
      <method name="toSeverity" desc="(Ljava/lang/String;)Lse/bjurr/violations/lib/model/SEVERITY;"
        line="51">
        <counter type="INSTRUCTION" missed="4" covered="19"/>
        <counter type="BRANCH" missed="3" covered="5"/>
        <counter type="LINE" missed="2" covered="5"/>
        <counter type="COMPLEXITY" missed="3" covered="2"/>
        <counter type="METHOD" missed="0" covered="1"/>
      </method>
      <counter type="INSTRUCTION" missed="4" covered="100"/>
      <counter type="BRANCH" missed="3" covered="7"/>
      <counter type="LINE" missed="2" covered="28"/>
      <counter type="COMPLEXITY" missed="3" covered="5"/>
      <counter type="METHOD" missed="0" covered="3"/>
      <counter type="CLASS" missed="0" covered="1"/>
    </class>
    <class name="se/bjurr/violations/lib/parsers/YAMLlintParser"
      sourcefilename="YAMLlintParser.java">
      <method name="&lt;init&gt;" desc="()V" line="25">
        <counter type="INSTRUCTION" missed="0" covered="3"/>
        <counter type="LINE" missed="0" covered="1"/>
        <counter type="COMPLEXITY" missed="0" covered="1"/>
        <counter type="METHOD" missed="0" covered="1"/>
      </method>
      <method name="parseReportOutput"
        desc="(Ljava/lang/String;Lse/bjurr/violations/lib/ViolationsLogger;)Ljava/util/Set;"
        line="29">
        <counter type="INSTRUCTION" missed="0" covered="88"/>
        <counter type="BRANCH" missed="0" covered="4"/>
        <counter type="LINE" missed="0" covered="24"/>
        <counter type="COMPLEXITY" missed="0" covered="3"/>
        <counter type="METHOD" missed="0" covered="1"/>
      </method>
      <method name="toSeverity" desc="(Ljava/lang/String;)Lse/bjurr/violations/lib/model/SEVERITY;"
        line="68">
        <counter type="INSTRUCTION" missed="2" covered="12"/>
        <counter type="BRANCH" missed="1" covered="3"/>
        <counter type="LINE" missed="1" covered="4"/>
        <counter type="COMPLEXITY" missed="1" covered="2"/>
        <counter type="METHOD" missed="0" covered="1"/>
      </method>
      <counter type="INSTRUCTION" missed="2" covered="103"/>
      <counter type="BRANCH" missed="1" covered="7"/>
      <counter type="LINE" missed="1" covered="29"/>
      <counter type="COMPLEXITY" missed="1" covered="6"/>
      <counter type="METHOD" missed="0" covered="3"/>
      <counter type="CLASS" missed="0" covered="1"/>
    </class>
    <class name="se/bjurr/violations/lib/parsers/Flake8Parser" sourcefilename="Flake8Parser.java">
      <method name="&lt;init&gt;" desc="()V" line="25">
        <counter type="INSTRUCTION" missed="0" covered="3"/>
        <counter type="LINE" missed="0" covered="1"/>
        <counter type="COMPLEXITY" missed="0" covered="1"/>
        <counter type="METHOD" missed="0" covered="1"/>
      </method>
      <method name="parseReportOutput"
        desc="(Ljava/lang/String;Lse/bjurr/violations/lib/ViolationsLogger;)Ljava/util/Set;"
        line="30">
        <counter type="INSTRUCTION" missed="0" covered="99"/>
        <counter type="BRANCH" missed="0" covered="4"/>
        <counter type="LINE" missed="0" covered="28"/>
        <counter type="COMPLEXITY" missed="0" covered="3"/>
        <counter type="METHOD" missed="0" covered="1"/>
      </method>
      <method name="toSeverity" desc="(Ljava/lang/String;)Lse/bjurr/violations/lib/model/SEVERITY;"
        line="77">
        <counter type="INSTRUCTION" missed="0" covered="18"/>
        <counter type="BRANCH" missed="0" covered="6"/>
        <counter type="LINE" missed="0" covered="5"/>
        <counter type="COMPLEXITY" missed="0" covered="4"/>
        <counter type="METHOD" missed="0" covered="1"/>
      </method>
      <counter type="INSTRUCTION" missed="0" covered="120"/>
      <counter type="BRANCH" missed="0" covered="10"/>
      <counter type="LINE" missed="0" covered="34"/>
      <counter type="COMPLEXITY" missed="0" covered="8"/>
      <counter type="METHOD" missed="0" covered="3"/>
      <counter type="CLASS" missed="0" covered="1"/>
    </class>
    <class name="se/bjurr/violations/lib/parsers/SonarParser" sourcefilename="SonarParser.java">
      <method name="&lt;init&gt;" desc="()V" line="16">
        <counter type="INSTRUCTION" missed="0" covered="3"/>
        <counter type="LINE" missed="0" covered="1"/>
        <counter type="COMPLEXITY" missed="0" covered="1"/>
        <counter type="METHOD" missed="0" covered="1"/>
      </method>
      <method name="parseReportOutput"
        desc="(Ljava/lang/String;Lse/bjurr/violations/lib/ViolationsLogger;)Ljava/util/Set;"
        line="106">
        <counter type="INSTRUCTION" missed="0" covered="139"/>
        <counter type="BRANCH" missed="0" covered="14"/>
        <counter type="LINE" missed="0" covered="36"/>
        <counter type="COMPLEXITY" missed="0" covered="8"/>
        <counter type="METHOD" missed="0" covered="1"/>
      </method>
      <counter type="INSTRUCTION" missed="0" covered="142"/>
      <counter type="BRANCH" missed="0" covered="14"/>
      <counter type="LINE" missed="0" covered="37"/>
      <counter type="COMPLEXITY" missed="0" covered="9"/>
      <counter type="METHOD" missed="0" covered="2"/>
      <counter type="CLASS" missed="0" covered="1"/>
    </class>
    <class name="se/bjurr/violations/lib/parsers/CodeClimateParser$1"
      sourcefilename="CodeClimateParser.java">
      <method name="&lt;init&gt;" desc="()V" line="20">
        <counter type="INSTRUCTION" missed="0" covered="3"/>
        <counter type="LINE" missed="0" covered="1"/>
        <counter type="COMPLEXITY" missed="0" covered="1"/>
        <counter type="METHOD" missed="0" covered="1"/>
      </method>
      <counter type="INSTRUCTION" missed="0" covered="3"/>
      <counter type="LINE" missed="0" covered="1"/>
      <counter type="COMPLEXITY" missed="0" covered="1"/>
      <counter type="METHOD" missed="0" covered="1"/>
      <counter type="CLASS" missed="0" covered="1"/>
    </class>
    <class name="se/bjurr/violations/lib/parsers/XMLLintParser" sourcefilename="XMLLintParser.java">
      <method name="&lt;init&gt;" desc="()V" line="16">
        <counter type="INSTRUCTION" missed="0" covered="3"/>
        <counter type="LINE" missed="0" covered="1"/>
        <counter type="COMPLEXITY" missed="0" covered="1"/>
        <counter type="METHOD" missed="0" covered="1"/>
      </method>
      <method name="parseReportOutput"
        desc="(Ljava/lang/String;Lse/bjurr/violations/lib/ViolationsLogger;)Ljava/util/Set;"
        line="21">
        <counter type="INSTRUCTION" missed="0" covered="84"/>
        <counter type="BRANCH" missed="0" covered="4"/>
        <counter type="LINE" missed="0" covered="21"/>
        <counter type="COMPLEXITY" missed="0" covered="3"/>
        <counter type="METHOD" missed="0" covered="1"/>
      </method>
      <counter type="INSTRUCTION" missed="0" covered="87"/>
      <counter type="BRANCH" missed="0" covered="4"/>
      <counter type="LINE" missed="0" covered="22"/>
      <counter type="COMPLEXITY" missed="0" covered="4"/>
      <counter type="METHOD" missed="0" covered="2"/>
      <counter type="CLASS" missed="0" covered="1"/>
    </class>
    <class name="se/bjurr/violations/lib/parsers/AndroidLintParser"
      sourcefilename="AndroidLintParser.java">
      <method name="&lt;init&gt;" desc="()V" line="24">
        <counter type="INSTRUCTION" missed="0" covered="3"/>
        <counter type="LINE" missed="0" covered="1"/>
        <counter type="COMPLEXITY" missed="0" covered="1"/>
        <counter type="METHOD" missed="0" covered="1"/>
      </method>
      <method name="parseReportOutput"
        desc="(Ljava/lang/String;Lse/bjurr/violations/lib/ViolationsLogger;)Ljava/util/Set;"
        line="29">
        <counter type="INSTRUCTION" missed="0" covered="146"/>
        <counter type="BRANCH" missed="0" covered="12"/>
        <counter type="LINE" missed="0" covered="41"/>
        <counter type="COMPLEXITY" missed="0" covered="7"/>
        <counter type="METHOD" missed="0" covered="1"/>
      </method>
      <method name="toSeverity" desc="(Ljava/lang/String;)Lse/bjurr/violations/lib/model/SEVERITY;"
        line="81">
        <counter type="INSTRUCTION" missed="2" covered="16"/>
        <counter type="BRANCH" missed="1" covered="5"/>
        <counter type="LINE" missed="1" covered="4"/>
        <counter type="COMPLEXITY" missed="1" covered="3"/>
        <counter type="METHOD" missed="0" covered="1"/>
      </method>
      <counter type="INSTRUCTION" missed="2" covered="165"/>
      <counter type="BRANCH" missed="1" covered="17"/>
      <counter type="LINE" missed="1" covered="46"/>
      <counter type="COMPLEXITY" missed="1" covered="11"/>
      <counter type="METHOD" missed="0" covered="3"/>
      <counter type="CLASS" missed="0" covered="1"/>
    </class>
    <class name="se/bjurr/violations/lib/parsers/PCLintParser" sourcefilename="PCLintParser.java">
      <method name="&lt;init&gt;" desc="()V" line="21">
        <counter type="INSTRUCTION" missed="0" covered="3"/>
        <counter type="LINE" missed="0" covered="1"/>
        <counter type="COMPLEXITY" missed="0" covered="1"/>
        <counter type="METHOD" missed="0" covered="1"/>
      </method>
      <method name="parseReportOutput"
        desc="(Ljava/lang/String;Lse/bjurr/violations/lib/ViolationsLogger;)Ljava/util/Set;"
        line="26">
        <counter type="INSTRUCTION" missed="0" covered="39"/>
        <counter type="BRANCH" missed="0" covered="4"/>
        <counter type="LINE" missed="0" covered="10"/>
        <counter type="COMPLEXITY" missed="0" covered="3"/>
        <counter type="METHOD" missed="0" covered="1"/>
      </method>
      <method name="parseMisraViolation" desc="(Ljava/lang/String;Ljava/util/Set;)V" line="41">
        <counter type="INSTRUCTION" missed="1" covered="102"/>
        <counter type="BRANCH" missed="1" covered="1"/>
        <counter type="LINE" missed="1" covered="19"/>
        <counter type="COMPLEXITY" missed="1" covered="1"/>
        <counter type="METHOD" missed="0" covered="1"/>
      </method>
      <method name="parseGeneralViolation" desc="(Ljava/lang/String;Ljava/util/Set;)V" line="73">
        <counter type="INSTRUCTION" missed="0" covered="76"/>
        <counter type="BRANCH" missed="0" covered="2"/>
        <counter type="LINE" missed="0" covered="19"/>
        <counter type="COMPLEXITY" missed="0" covered="2"/>
        <counter type="METHOD" missed="0" covered="1"/>
      </method>
      <method name="toSeverity" desc="(Ljava/lang/String;)Lse/bjurr/violations/lib/model/SEVERITY;"
        line="102">
        <counter type="INSTRUCTION" missed="0" covered="14"/>
        <counter type="BRANCH" missed="0" covered="4"/>
        <counter type="LINE" missed="0" covered="5"/>
        <counter type="COMPLEXITY" missed="0" covered="3"/>
        <counter type="METHOD" missed="0" covered="1"/>
      </method>
      <method name="toMisraSeverity"
        desc="(Ljava/lang/String;)Lse/bjurr/violations/lib/model/SEVERITY;" line="112">
        <counter type="INSTRUCTION" missed="0" covered="14"/>
        <counter type="BRANCH" missed="0" covered="4"/>
        <counter type="LINE" missed="0" covered="5"/>
        <counter type="COMPLEXITY" missed="0" covered="3"/>
        <counter type="METHOD" missed="0" covered="1"/>
      </method>
      <counter type="INSTRUCTION" missed="1" covered="248"/>
      <counter type="BRANCH" missed="1" covered="15"/>
      <counter type="LINE" missed="1" covered="59"/>
      <counter type="COMPLEXITY" missed="1" covered="13"/>
      <counter type="METHOD" missed="0" covered="6"/>
      <counter type="CLASS" missed="0" covered="1"/>
    </class>
    <class name="se/bjurr/violations/lib/parsers/MSBuildLogParser"
      sourcefilename="MSBuildLogParser.java">
      <method name="&lt;init&gt;" desc="()V" line="20">
        <counter type="INSTRUCTION" missed="0" covered="3"/>
        <counter type="LINE" missed="0" covered="1"/>
        <counter type="COMPLEXITY" missed="0" covered="1"/>
        <counter type="METHOD" missed="0" covered="1"/>
      </method>
      <method name="parseReportOutput"
        desc="(Ljava/lang/String;Lse/bjurr/violations/lib/ViolationsLogger;)Ljava/util/Set;"
        line="25">
        <counter type="INSTRUCTION" missed="0" covered="99"/>
        <counter type="BRANCH" missed="3" covered="5"/>
        <counter type="LINE" missed="0" covered="26"/>
        <counter type="COMPLEXITY" missed="3" covered="2"/>
        <counter type="METHOD" missed="0" covered="1"/>
      </method>
      <method name="toSeverity" desc="(Ljava/lang/String;)Lse/bjurr/violations/lib/model/SEVERITY;"
        line="59">
        <counter type="INSTRUCTION" missed="16" covered="29"/>
        <counter type="BRANCH" missed="10" covered="6"/>
        <counter type="LINE" missed="4" covered="6"/>
        <counter type="COMPLEXITY" missed="8" covered="1"/>
        <counter type="METHOD" missed="0" covered="1"/>
      </method>
      <counter type="INSTRUCTION" missed="16" covered="131"/>
      <counter type="BRANCH" missed="13" covered="11"/>
      <counter type="LINE" missed="4" covered="33"/>
      <counter type="COMPLEXITY" missed="11" covered="4"/>
      <counter type="METHOD" missed="0" covered="3"/>
      <counter type="CLASS" missed="0" covered="1"/>
    </class>
    <class name="se/bjurr/violations/lib/parsers/SonarParser$SonarReportIssue"
      sourcefilename="SonarParser.java">
      <method name="&lt;init&gt;" desc="()V" line="18">
        <counter type="INSTRUCTION" missed="0" covered="3"/>
        <counter type="LINE" missed="0" covered="1"/>
        <counter type="COMPLEXITY" missed="0" covered="1"/>
        <counter type="METHOD" missed="0" covered="1"/>
      </method>
      <method name="getFile" desc="()Ljava/lang/String;" line="32">
        <counter type="INSTRUCTION" missed="14" covered="12"/>
        <counter type="LINE" missed="2" covered="2"/>
        <counter type="COMPLEXITY" missed="0" covered="1"/>
        <counter type="METHOD" missed="0" covered="1"/>
      </method>
      <method name="getCategory" desc="()Ljava/lang/String;" line="41">
        <counter type="INSTRUCTION" missed="14" covered="7"/>
        <counter type="LINE" missed="2" covered="1"/>
        <counter type="COMPLEXITY" missed="0" covered="1"/>
        <counter type="METHOD" missed="0" covered="1"/>
      </method>
      <method name="getSeverity" desc="()Lse/bjurr/violations/lib/model/SEVERITY;" line="48">
        <counter type="INSTRUCTION" missed="0" covered="26"/>
        <counter type="BRANCH" missed="0" covered="8"/>
        <counter type="LINE" missed="0" covered="7"/>
        <counter type="COMPLEXITY" missed="0" covered="5"/>
        <counter type="METHOD" missed="0" covered="1"/>
      </method>
      <method name="toString" desc="()Ljava/lang/String;" line="62">
        <counter type="INSTRUCTION" missed="0" covered="42"/>
        <counter type="LINE" missed="0" covered="1"/>
        <counter type="COMPLEXITY" missed="0" covered="1"/>
        <counter type="METHOD" missed="0" covered="1"/>
      </method>
      <counter type="INSTRUCTION" missed="28" covered="90"/>
      <counter type="BRANCH" missed="0" covered="8"/>
      <counter type="LINE" missed="4" covered="12"/>
      <counter type="COMPLEXITY" missed="0" covered="9"/>
      <counter type="METHOD" missed="0" covered="5"/>
      <counter type="CLASS" missed="0" covered="1"/>
    </class>
    <class name="se/bjurr/violations/lib/parsers/GenericParser" sourcefilename="GenericParser.java">
      <method name="&lt;init&gt;" desc="()V" line="12">
        <counter type="INSTRUCTION" missed="0" covered="3"/>
        <counter type="LINE" missed="0" covered="1"/>
        <counter type="COMPLEXITY" missed="0" covered="1"/>
        <counter type="METHOD" missed="0" covered="1"/>
      </method>
      <method name="parseReportOutput"
        desc="(Ljava/lang/String;Lse/bjurr/violations/lib/ViolationsLogger;)Ljava/util/Set;"
        line="16">
        <counter type="INSTRUCTION" missed="0" covered="25"/>
        <counter type="LINE" missed="0" covered="11"/>
        <counter type="COMPLEXITY" missed="0" covered="1"/>
        <counter type="METHOD" missed="0" covered="1"/>
      </method>
      <counter type="INSTRUCTION" missed="0" covered="28"/>
      <counter type="LINE" missed="0" covered="12"/>
      <counter type="COMPLEXITY" missed="0" covered="2"/>
      <counter type="METHOD" missed="0" covered="2"/>
      <counter type="CLASS" missed="0" covered="1"/>
    </class>
    <class name="se/bjurr/violations/lib/parsers/PyLintParser" sourcefilename="PyLintParser.java">
      <method name="&lt;init&gt;" desc="()V" line="24">
        <counter type="INSTRUCTION" missed="0" covered="3"/>
        <counter type="LINE" missed="0" covered="1"/>
        <counter type="COMPLEXITY" missed="0" covered="1"/>
        <counter type="METHOD" missed="0" covered="1"/>
      </method>
      <method name="parseReportOutput"
        desc="(Ljava/lang/String;Lse/bjurr/violations/lib/ViolationsLogger;)Ljava/util/Set;"
        line="29">
        <counter type="INSTRUCTION" missed="0" covered="93"/>
        <counter type="BRANCH" missed="0" covered="2"/>
        <counter type="LINE" missed="0" covered="23"/>
        <counter type="COMPLEXITY" missed="0" covered="2"/>
        <counter type="METHOD" missed="0" covered="1"/>
      </method>
      <method name="toSeverity" desc="(Ljava/lang/String;)Lse/bjurr/violations/lib/model/SEVERITY;"
        line="69">
        <counter type="INSTRUCTION" missed="0" covered="18"/>
        <counter type="BRANCH" missed="1" covered="5"/>
        <counter type="LINE" missed="0" covered="5"/>
        <counter type="COMPLEXITY" missed="1" covered="3"/>
        <counter type="METHOD" missed="0" covered="1"/>
      </method>
      <counter type="INSTRUCTION" missed="0" covered="114"/>
      <counter type="BRANCH" missed="1" covered="7"/>
      <counter type="LINE" missed="0" covered="29"/>
      <counter type="COMPLEXITY" missed="1" covered="6"/>
      <counter type="METHOD" missed="0" covered="3"/>
      <counter type="CLASS" missed="0" covered="1"/>
    </class>
    <class name="se/bjurr/violations/lib/parsers/PyDocStyleParser"
      sourcefilename="PyDocStyleParser.java">
      <method name="&lt;init&gt;" desc="()V" line="16">
        <counter type="INSTRUCTION" missed="0" covered="3"/>
        <counter type="LINE" missed="0" covered="1"/>
        <counter type="COMPLEXITY" missed="0" covered="1"/>
        <counter type="METHOD" missed="0" covered="1"/>
      </method>
      <method name="parseReportOutput"
        desc="(Ljava/lang/String;Lse/bjurr/violations/lib/ViolationsLogger;)Ljava/util/Set;"
        line="21">
        <counter type="INSTRUCTION" missed="1" covered="112"/>
        <counter type="BRANCH" missed="1" covered="9"/>
        <counter type="LINE" missed="1" covered="32"/>
        <counter type="COMPLEXITY" missed="1" covered="5"/>
        <counter type="METHOD" missed="0" covered="1"/>
      </method>
      <counter type="INSTRUCTION" missed="1" covered="115"/>
      <counter type="BRANCH" missed="1" covered="9"/>
      <counter type="LINE" missed="1" covered="33"/>
      <counter type="COMPLEXITY" missed="1" covered="6"/>
      <counter type="METHOD" missed="0" covered="2"/>
      <counter type="CLASS" missed="0" covered="1"/>
    </class>
    <class name="se/bjurr/violations/lib/parsers/DocFXParser" sourcefilename="DocFXParser.java">
      <method name="&lt;init&gt;" desc="()V" line="16">
        <counter type="INSTRUCTION" missed="0" covered="3"/>
        <counter type="LINE" missed="0" covered="1"/>
        <counter type="COMPLEXITY" missed="0" covered="1"/>
        <counter type="METHOD" missed="0" covered="1"/>
      </method>
      <method name="parseReportOutput"
        desc="(Ljava/lang/String;Lse/bjurr/violations/lib/ViolationsLogger;)Ljava/util/Set;"
        line="21">
        <counter type="INSTRUCTION" missed="4" covered="113"/>
        <counter type="BRANCH" missed="1" covered="5"/>
        <counter type="LINE" missed="1" covered="28"/>
        <counter type="COMPLEXITY" missed="1" covered="3"/>
        <counter type="METHOD" missed="0" covered="1"/>
      </method>
      <method name="getSeverity" desc="(Ljava/lang/String;)Lse/bjurr/violations/lib/model/SEVERITY;"
        line="63">
        <counter type="INSTRUCTION" missed="4" covered="10"/>
        <counter type="BRANCH" missed="2" covered="2"/>
        <counter type="LINE" missed="2" covered="3"/>
        <counter type="COMPLEXITY" missed="2" covered="1"/>
        <counter type="METHOD" missed="0" covered="1"/>
      </method>
      <counter type="INSTRUCTION" missed="8" covered="126"/>
      <counter type="BRANCH" missed="3" covered="7"/>
      <counter type="LINE" missed="3" covered="32"/>
      <counter type="COMPLEXITY" missed="3" covered="5"/>
      <counter type="METHOD" missed="0" covered="3"/>
      <counter type="CLASS" missed="0" covered="1"/>
    </class>
    <class name="se/bjurr/violations/lib/parsers/MSCPPParser" sourcefilename="MSCPPParser.java">
      <method name="&lt;init&gt;" desc="()V" line="20">
[...]
      </method>
      <method name="equals" desc="(Ljava/lang/Object;)Z" line="42">
        <counter type="INSTRUCTION" missed="69" covered="0"/>
        <counter type="BRANCH" missed="24" covered="0"/>
        <counter type="LINE" missed="23" covered="0"/>
        <counter type="COMPLEXITY" missed="13" covered="0"/>
        <counter type="METHOD" missed="1" covered="0"/>
      </method>
      <method name="toString" desc="()Ljava/lang/String;" line="78">
        <counter type="INSTRUCTION" missed="22" covered="0"/>
        <counter type="LINE" missed="1" covered="0"/>
        <counter type="COMPLEXITY" missed="1" covered="0"/>
        <counter type="METHOD" missed="1" covered="0"/>
      </method>
      <counter type="INSTRUCTION" missed="136" covered="28"/>
      <counter type="BRANCH" missed="30" covered="0"/>
      <counter type="LINE" missed="30" covered="8"/>
      <counter type="COMPLEXITY" missed="18" covered="4"/>
      <counter type="METHOD" missed="3" covered="4"/>
      <counter type="CLASS" missed="0" covered="1"/>
    </class>
    <class name="se/bjurr/violations/lib/model/codeclimate/CodeClimateCategory"
      sourcefilename="CodeClimateCategory.java">
      <method name="&lt;init&gt;" desc="(Ljava/lang/String;ILjava/lang/String;)V" line="15">
        <counter type="INSTRUCTION" missed="0" covered="8"/>
        <counter type="LINE" missed="0" covered="3"/>
        <counter type="COMPLEXITY" missed="0" covered="1"/>
        <counter type="METHOD" missed="0" covered="1"/>
      </method>
      <method name="getName" desc="()Ljava/lang/String;" line="20">
        <counter type="INSTRUCTION" missed="0" covered="3"/>
        <counter type="LINE" missed="0" covered="1"/>
        <counter type="COMPLEXITY" missed="0" covered="1"/>
        <counter type="METHOD" missed="0" covered="1"/>
      </method>
      <method name="&lt;clinit&gt;" desc="()V" line="3">
        <counter type="INSTRUCTION" missed="0" covered="92"/>
        <counter type="LINE" missed="0" covered="9"/>
        <counter type="COMPLEXITY" missed="0" covered="1"/>
        <counter type="METHOD" missed="0" covered="1"/>
      </method>
      <counter type="INSTRUCTION" missed="0" covered="103"/>
      <counter type="LINE" missed="0" covered="13"/>
      <counter type="COMPLEXITY" missed="0" covered="3"/>
      <counter type="METHOD" missed="0" covered="3"/>
      <counter type="CLASS" missed="0" covered="1"/>
    </class>
    <class name="se/bjurr/violations/lib/model/codeclimate/CodeClimateSeverity"
      sourcefilename="CodeClimateSeverity.java">
      <method name="&lt;clinit&gt;" desc="()V" line="3">
        <counter type="INSTRUCTION" missed="0" covered="54"/>
        <counter type="LINE" missed="0" covered="6"/>
        <counter type="COMPLEXITY" missed="0" covered="1"/>
        <counter type="METHOD" missed="0" covered="1"/>
      </method>
      <counter type="INSTRUCTION" missed="0" covered="54"/>
      <counter type="LINE" missed="0" covered="6"/>
      <counter type="COMPLEXITY" missed="0" covered="1"/>
      <counter type="METHOD" missed="0" covered="1"/>
      <counter type="CLASS" missed="0" covered="1"/>
    </class>
    <sourcefile name="CodeClimateCategory.java">
      <line nr="3" mi="0" ci="36" mb="0" cb="0"/>
      <line nr="4" mi="0" ci="7" mb="0" cb="0"/>
      <line nr="5" mi="0" ci="7" mb="0" cb="0"/>
      <line nr="6" mi="0" ci="7" mb="0" cb="0"/>
      <line nr="7" mi="0" ci="7" mb="0" cb="0"/>
      <line nr="8" mi="0" ci="7" mb="0" cb="0"/>
      <line nr="9" mi="0" ci="7" mb="0" cb="0"/>
      <line nr="10" mi="0" ci="7" mb="0" cb="0"/>
      <line nr="11" mi="0" ci="7" mb="0" cb="0"/>
      <line nr="15" mi="0" ci="4" mb="0" cb="0"/>
      <line nr="16" mi="0" ci="3" mb="0" cb="0"/>
      <line nr="17" mi="0" ci="1" mb="0" cb="0"/>
      <line nr="20" mi="0" ci="3" mb="0" cb="0"/>
      <counter type="INSTRUCTION" missed="0" covered="103"/>
      <counter type="LINE" missed="0" covered="13"/>
      <counter type="COMPLEXITY" missed="0" covered="3"/>
      <counter type="METHOD" missed="0" covered="3"/>
      <counter type="CLASS" missed="0" covered="1"/>
    </sourcefile>
    <sourcefile name="CodeClimateLocation.java">
      <line nr="12" mi="0" ci="2" mb="0" cb="0"/>
      <line nr="13" mi="0" ci="7" mb="0" cb="0"/>
      <line nr="14" mi="0" ci="6" mb="0" cb="0"/>
      <line nr="15" mi="0" ci="3" mb="0" cb="0"/>
      <line nr="16" mi="0" ci="1" mb="0" cb="0"/>
      <line nr="19" mi="0" ci="3" mb="0" cb="0"/>
      <line nr="23" mi="0" ci="3" mb="0" cb="0"/>
      <line nr="27" mi="0" ci="3" mb="0" cb="0"/>
      <line nr="32" mi="2" ci="0" mb="0" cb="0"/>
      <line nr="33" mi="2" ci="0" mb="0" cb="0"/>
      <line nr="34" mi="13" ci="0" mb="2" cb="0"/>
      <line nr="35" mi="13" ci="0" mb="2" cb="0"/>
      <line nr="36" mi="13" ci="0" mb="2" cb="0"/>
      <line nr="37" mi="2" ci="0" mb="0" cb="0"/>
      <line nr="42" mi="3" ci="0" mb="2" cb="0"/>
      <line nr="43" mi="2" ci="0" mb="0" cb="0"/>
      <line nr="45" mi="2" ci="0" mb="2" cb="0"/>
      <line nr="46" mi="2" ci="0" mb="0" cb="0"/>
      <line nr="48" mi="5" ci="0" mb="2" cb="0"/>
      <line nr="49" mi="2" ci="0" mb="0" cb="0"/>
      <line nr="51" mi="3" ci="0" mb="0" cb="0"/>
      <line nr="52" mi="3" ci="0" mb="2" cb="0"/>
      <line nr="53" mi="3" ci="0" mb="2" cb="0"/>
      <line nr="54" mi="2" ci="0" mb="0" cb="0"/>
      <line nr="56" mi="6" ci="0" mb="2" cb="0"/>
      <line nr="57" mi="2" ci="0" mb="0" cb="0"/>
      <line nr="59" mi="3" ci="0" mb="2" cb="0"/>
      <line nr="60" mi="3" ci="0" mb="2" cb="0"/>
      <line nr="61" mi="2" ci="0" mb="0" cb="0"/>
      <line nr="63" mi="6" ci="0" mb="2" cb="0"/>
      <line nr="64" mi="2" ci="0" mb="0" cb="0"/>
      <line nr="66" mi="3" ci="0" mb="2" cb="0"/>
      <line nr="67" mi="3" ci="0" mb="2" cb="0"/>
      <line nr="68" mi="2" ci="0" mb="0" cb="0"/>
      <line nr="70" mi="6" ci="0" mb="2" cb="0"/>
      <line nr="71" mi="2" ci="0" mb="0" cb="0"/>
      <line nr="73" mi="2" ci="0" mb="0" cb="0"/>
      <line nr="78" mi="22" ci="0" mb="0" cb="0"/>
      <counter type="INSTRUCTION" missed="136" covered="28"/>
      <counter type="BRANCH" missed="30" covered="0"/>
      <counter type="LINE" missed="30" covered="8"/>
      <counter type="COMPLEXITY" missed="18" covered="4"/>
      <counter type="METHOD" missed="3" covered="4"/>
      <counter type="CLASS" missed="0" covered="1"/>
    </sourcefile>
    <sourcefile name="CodeClimatePositions.java">
      <line nr="7" mi="2" ci="0" mb="0" cb="0"/>
      <line nr="8" mi="3" ci="0" mb="0" cb="0"/>
      <line nr="9" mi="3" ci="0" mb="0" cb="0"/>
      <line nr="10" mi="1" ci="0" mb="0" cb="0"/>
      <line nr="13" mi="0" ci="3" mb="0" cb="0"/>
      <line nr="17" mi="3" ci="0" mb="0" cb="0"/>
      <line nr="22" mi="2" ci="0" mb="0" cb="0"/>
      <line nr="23" mi="2" ci="0" mb="0" cb="0"/>
      <line nr="24" mi="13" ci="0" mb="2" cb="0"/>
      <line nr="25" mi="13" ci="0" mb="2" cb="0"/>
      <line nr="26" mi="2" ci="0" mb="0" cb="0"/>
      <line nr="31" mi="3" ci="0" mb="2" cb="0"/>
      <line nr="32" mi="2" ci="0" mb="0" cb="0"/>
      <line nr="34" mi="2" ci="0" mb="2" cb="0"/>
      <line nr="35" mi="2" ci="0" mb="0" cb="0"/>
      <line nr="37" mi="5" ci="0" mb="2" cb="0"/>
      <line nr="38" mi="2" ci="0" mb="0" cb="0"/>
      <line nr="40" mi="3" ci="0" mb="0" cb="0"/>
      <line nr="41" mi="3" ci="0" mb="2" cb="0"/>
      <line nr="42" mi="3" ci="0" mb="2" cb="0"/>
      <line nr="43" mi="2" ci="0" mb="0" cb="0"/>
      <line nr="45" mi="6" ci="0" mb="2" cb="0"/>
      <line nr="46" mi="2" ci="0" mb="0" cb="0"/>
      <line nr="48" mi="3" ci="0" mb="2" cb="0"/>
      <line nr="49" mi="3" ci="0" mb="2" cb="0"/>
      <line nr="50" mi="2" ci="0" mb="0" cb="0"/>
      <line nr="52" mi="6" ci="0" mb="2" cb="0"/>
      <line nr="53" mi="2" ci="0" mb="0" cb="0"/>
      <line nr="55" mi="2" ci="0" mb="0" cb="0"/>
      <line nr="60" mi="17" ci="0" mb="0" cb="0"/>
      <counter type="INSTRUCTION" missed="114" covered="3"/>
      <counter type="BRANCH" missed="22" covered="0"/>
      <counter type="LINE" missed="29" covered="1"/>
      <counter type="COMPLEXITY" missed="16" covered="1"/>
      <counter type="METHOD" missed="5" covered="1"/>
      <counter type="CLASS" missed="0" covered="1"/>
    </sourcefile>
    <sourcefile name="CodeClimateSeverity.java">
      <line nr="3" mi="0" ci="24" mb="0" cb="0"/>
      <line nr="4" mi="0" ci="6" mb="0" cb="0"/>
      <line nr="5" mi="0" ci="6" mb="0" cb="0"/>
      <line nr="6" mi="0" ci="6" mb="0" cb="0"/>
      <line nr="7" mi="0" ci="6" mb="0" cb="0"/>
      <line nr="8" mi="0" ci="6" mb="0" cb="0"/>
      <counter type="INSTRUCTION" missed="0" covered="54"/>
      <counter type="LINE" missed="0" covered="6"/>
      <counter type="COMPLEXITY" missed="0" covered="1"/>
      <counter type="METHOD" missed="0" covered="1"/>
      <counter type="CLASS" missed="0" covered="1"/>
    </sourcefile>
    <sourcefile name="CodeClimatePosition.java">
      <line nr="7" mi="2" ci="0" mb="0" cb="0"/>
      <line nr="8" mi="3" ci="0" mb="0" cb="0"/>
      <line nr="9" mi="3" ci="0" mb="0" cb="0"/>
      <line nr="10" mi="1" ci="0" mb="0" cb="0"/>
      <line nr="13" mi="3" ci="0" mb="0" cb="0"/>
      <line nr="17" mi="0" ci="3" mb="0" cb="0"/>
      <line nr="22" mi="17" ci="0" mb="0" cb="0"/>
      <line nr="27" mi="2" ci="0" mb="0" cb="0"/>
      <line nr="28" mi="2" ci="0" mb="0" cb="0"/>
      <line nr="29" mi="13" ci="0" mb="2" cb="0"/>
      <line nr="30" mi="13" ci="0" mb="2" cb="0"/>
      <line nr="31" mi="2" ci="0" mb="0" cb="0"/>
      <line nr="36" mi="3" ci="0" mb="2" cb="0"/>
      <line nr="37" mi="2" ci="0" mb="0" cb="0"/>
      <line nr="39" mi="2" ci="0" mb="2" cb="0"/>
      <line nr="40" mi="2" ci="0" mb="0" cb="0"/>
      <line nr="42" mi="5" ci="0" mb="2" cb="0"/>
      <line nr="43" mi="2" ci="0" mb="0" cb="0"/>
      <line nr="45" mi="3" ci="0" mb="0" cb="0"/>
      <line nr="46" mi="3" ci="0" mb="2" cb="0"/>
      <line nr="47" mi="3" ci="0" mb="2" cb="0"/>
      <line nr="48" mi="2" ci="0" mb="0" cb="0"/>
      <line nr="50" mi="6" ci="0" mb="2" cb="0"/>
      <line nr="51" mi="2" ci="0" mb="0" cb="0"/>
      <line nr="53" mi="3" ci="0" mb="2" cb="0"/>
      <line nr="54" mi="3" ci="0" mb="2" cb="0"/>
      <line nr="55" mi="2" ci="0" mb="0" cb="0"/>
      <line nr="57" mi="6" ci="0" mb="2" cb="0"/>
      <line nr="58" mi="2" ci="0" mb="0" cb="0"/>
      <line nr="60" mi="2" ci="0" mb="0" cb="0"/>
      <counter type="INSTRUCTION" missed="114" covered="3"/>
      <counter type="BRANCH" missed="22" covered="0"/>
      <counter type="LINE" missed="29" covered="1"/>
      <counter type="COMPLEXITY" missed="16" covered="1"/>
      <counter type="METHOD" missed="5" covered="1"/>
      <counter type="CLASS" missed="0" covered="1"/>
    </sourcefile>
    <sourcefile name="CodeClimateLines.java">
      <line nr="8" mi="0" ci="2" mb="0" cb="0"/>
      <line nr="9" mi="0" ci="6" mb="0" cb="0"/>
      <line nr="10" mi="0" ci="1" mb="0" cb="0"/>
      <line nr="13" mi="0" ci="3" mb="0" cb="0"/>
      <line nr="18" mi="12" ci="0" mb="0" cb="0"/>
      <line nr="23" mi="2" ci="0" mb="0" cb="0"/>
      <line nr="24" mi="2" ci="0" mb="0" cb="0"/>
      <line nr="25" mi="13" ci="0" mb="2" cb="0"/>
      <line nr="26" mi="2" ci="0" mb="0" cb="0"/>
      <line nr="31" mi="3" ci="0" mb="2" cb="0"/>
      <line nr="32" mi="2" ci="0" mb="0" cb="0"/>
      <line nr="34" mi="2" ci="0" mb="2" cb="0"/>
      <line nr="35" mi="2" ci="0" mb="0" cb="0"/>
      <line nr="37" mi="5" ci="0" mb="2" cb="0"/>
      <line nr="38" mi="2" ci="0" mb="0" cb="0"/>
      <line nr="40" mi="3" ci="0" mb="0" cb="0"/>
      <line nr="41" mi="3" ci="0" mb="2" cb="0"/>
      <line nr="42" mi="3" ci="0" mb="2" cb="0"/>
      <line nr="43" mi="2" ci="0" mb="0" cb="0"/>
      <line nr="45" mi="6" ci="0" mb="2" cb="0"/>
      <line nr="46" mi="2" ci="0" mb="0" cb="0"/>
      <line nr="48" mi="2" ci="0" mb="0" cb="0"/>
      <counter type="INSTRUCTION" missed="68" covered="12"/>
      <counter type="BRANCH" missed="14" covered="0"/>
      <counter type="LINE" missed="18" covered="4"/>
      <counter type="COMPLEXITY" missed="10" covered="2"/>
      <counter type="METHOD" missed="3" covered="2"/>
      <counter type="CLASS" missed="0" covered="1"/>
    </sourcefile>
    <sourcefile name="CodeClimateTransformer.java">
      <line nr="14" mi="3" ci="0" mb="0" cb="0"/>
      <line nr="16" mi="0" ci="4" mb="0" cb="0"/>
      <line nr="17" mi="0" ci="1" mb="0" cb="0"/>
      <line nr="19" mi="0" ci="3" mb="0" cb="0"/>
      <line nr="21" mi="0" ci="3" mb="0" cb="0"/>
      <line nr="25" mi="0" ci="3" mb="0" cb="0"/>
      <line nr="26" mi="0" ci="3" mb="0" cb="0"/>
      <line nr="27" mi="0" ci="6" mb="0" cb="0"/>
      <line nr="28" mi="0" ci="8" mb="0" cb="0"/>
      <line nr="29" mi="0" ci="4" mb="0" cb="0"/>
      <line nr="30" mi="0" ci="10" mb="0" cb="2"/>
      <line nr="31" mi="0" ci="3" mb="0" cb="0"/>
      <line nr="32" mi="0" ci="4" mb="0" cb="0"/>
      <line nr="33" mi="0" ci="4" mb="0" cb="0"/>
      <line nr="34" mi="0" ci="11" mb="0" cb="0"/>
      <line nr="39" mi="0" ci="3" mb="0" cb="2"/>
      <line nr="40" mi="0" ci="2" mb="0" cb="0"/>
      <line nr="42" mi="0" ci="3" mb="1" cb="1"/>
      <line nr="43" mi="2" ci="0" mb="0" cb="0"/>
      <line nr="45" mi="0" ci="2" mb="0" cb="0"/>
      <line nr="51" mi="0" ci="3" mb="0" cb="0"/>
      <line nr="52" mi="1" ci="0" mb="0" cb="0"/>
      <line nr="53" mi="10" ci="0" mb="0" cb="0"/>
      <line nr="54" mi="0" ci="1" mb="0" cb="0"/>
      <line nr="55" mi="0" ci="4" mb="0" cb="0"/>
      <line nr="56" mi="0" ci="3" mb="0" cb="0"/>
      <line nr="57" mi="0" ci="3" mb="0" cb="0"/>
      <line nr="58" mi="0" ci="3" mb="0" cb="0"/>
      <line nr="59" mi="0" ci="3" mb="0" cb="0"/>
      <line nr="60" mi="0" ci="3" mb="0" cb="0"/>
      <line nr="61" mi="0" ci="3" mb="0" cb="0"/>
      <line nr="62" mi="0" ci="3" mb="0" cb="0"/>
      <line nr="63" mi="0" ci="3" mb="0" cb="0"/>
      <line nr="64" mi="0" ci="3" mb="0" cb="0"/>
      <line nr="65" mi="0" ci="4" mb="0" cb="0"/>
      <line nr="66" mi="0" ci="6" mb="0" cb="0"/>
      <line nr="67" mi="0" ci="4" mb="0" cb="0"/>
      <line nr="68" mi="0" ci="16" mb="0" cb="2"/>
      <line nr="69" mi="0" ci="10" mb="0" cb="0"/>
      <line nr="70" mi="0" ci="4" mb="1" cb="1"/>
      <line nr="71" mi="4" ci="0" mb="0" cb="0"/>
      <line nr="73" mi="0" ci="4" mb="0" cb="0"/>
      <line nr="75" mi="0" ci="5" mb="0" cb="0"/>
      <counter type="INSTRUCTION" missed="20" covered="165"/>
      <counter type="BRANCH" missed="2" covered="8"/>
      <counter type="LINE" missed="5" covered="38"/>
      <counter type="COMPLEXITY" missed="3" covered="8"/>
      <counter type="METHOD" missed="1" covered="5"/>
      <counter type="CLASS" missed="0" covered="1"/>
    </sourcefile>
    <sourcefile name="CodeClimate.java">
      <line nr="29" mi="0" ci="2" mb="0" cb="0"/>
      <line nr="30" mi="0" ci="7" mb="0" cb="0"/>
      <line nr="31" mi="0" ci="7" mb="0" cb="0"/>
      <line nr="32" mi="0" ci="6" mb="0" cb="0"/>
      <line nr="33" mi="0" ci="3" mb="0" cb="0"/>
      <line nr="34" mi="0" ci="3" mb="0" cb="0"/>
      <line nr="35" mi="0" ci="3" mb="0" cb="0"/>
      <line nr="36" mi="0" ci="3" mb="0" cb="0"/>
      <line nr="37" mi="0" ci="12" mb="0" cb="0"/>
      <line nr="38" mi="0" ci="1" mb="0" cb="0"/>
      <line nr="41" mi="3" ci="0" mb="0" cb="0"/>
      <line nr="45" mi="3" ci="0" mb="0" cb="0"/>
      <line nr="49" mi="0" ci="6" mb="0" cb="0"/>
      <line nr="50" mi="0" ci="7" mb="0" cb="0"/>
      <line nr="51" mi="0" ci="3" mb="0" cb="0"/>
      <line nr="55" mi="3" ci="0" mb="0" cb="0"/>
      <line nr="59" mi="0" ci="3" mb="0" cb="0"/>
      <line nr="63" mi="0" ci="3" mb="0" cb="0"/>
      <line nr="67" mi="3" ci="0" mb="0" cb="0"/>
      <line nr="71" mi="0" ci="3" mb="0" cb="0"/>
      <line nr="76" mi="47" ci="0" mb="0" cb="0"/>
      <line nr="97" mi="2" ci="0" mb="0" cb="0"/>
      <line nr="98" mi="2" ci="0" mb="0" cb="0"/>
      <line nr="99" mi="13" ci="0" mb="2" cb="0"/>
      <line nr="100" mi="13" ci="0" mb="2" cb="0"/>
      <line nr="101" mi="13" ci="0" mb="2" cb="0"/>
      <line nr="102" mi="13" ci="0" mb="2" cb="0"/>
      <line nr="103" mi="13" ci="0" mb="2" cb="0"/>
      <line nr="104" mi="13" ci="0" mb="2" cb="0"/>
      <line nr="105" mi="13" ci="0" mb="2" cb="0"/>
      <line nr="106" mi="13" ci="0" mb="2" cb="0"/>
      <line nr="107" mi="2" ci="0" mb="0" cb="0"/>
      <line nr="112" mi="3" ci="0" mb="2" cb="0"/>
      <line nr="113" mi="2" ci="0" mb="0" cb="0"/>
      <line nr="115" mi="2" ci="0" mb="2" cb="0"/>
      <line nr="116" mi="2" ci="0" mb="0" cb="0"/>
      <line nr="118" mi="5" ci="0" mb="2" cb="0"/>
      <line nr="119" mi="2" ci="0" mb="0" cb="0"/>
      <line nr="121" mi="3" ci="0" mb="0" cb="0"/>
      <line nr="122" mi="3" ci="0" mb="2" cb="0"/>
      <line nr="123" mi="3" ci="0" mb="2" cb="0"/>
      <line nr="124" mi="2" ci="0" mb="0" cb="0"/>
      <line nr="126" mi="6" ci="0" mb="2" cb="0"/>
      <line nr="127" mi="2" ci="0" mb="0" cb="0"/>
      <line nr="129" mi="3" ci="0" mb="2" cb="0"/>
      <line nr="130" mi="3" ci="0" mb="2" cb="0"/>
      <line nr="131" mi="2" ci="0" mb="0" cb="0"/>
      <line nr="133" mi="6" ci="0" mb="2" cb="0"/>
      <line nr="134" mi="2" ci="0" mb="0" cb="0"/>
      <line nr="136" mi="3" ci="0" mb="2" cb="0"/>
      <line nr="137" mi="3" ci="0" mb="2" cb="0"/>
      <line nr="138" mi="2" ci="0" mb="0" cb="0"/>
      <line nr="140" mi="6" ci="0" mb="2" cb="0"/>
      <line nr="141" mi="2" ci="0" mb="0" cb="0"/>
      <line nr="143" mi="3" ci="0" mb="2" cb="0"/>
      <line nr="144" mi="3" ci="0" mb="2" cb="0"/>
      <line nr="145" mi="2" ci="0" mb="0" cb="0"/>
      <line nr="147" mi="6" ci="0" mb="2" cb="0"/>
      <line nr="148" mi="2" ci="0" mb="0" cb="0"/>
      <line nr="150" mi="3" ci="0" mb="2" cb="0"/>
      <line nr="151" mi="3" ci="0" mb="2" cb="0"/>
      <line nr="152" mi="2" ci="0" mb="0" cb="0"/>
      <line nr="154" mi="6" ci="0" mb="2" cb="0"/>
      <line nr="155" mi="2" ci="0" mb="0" cb="0"/>
      <line nr="157" mi="3" ci="0" mb="2" cb="0"/>
      <line nr="158" mi="3" ci="0" mb="2" cb="0"/>
      <line nr="159" mi="2" ci="0" mb="0" cb="0"/>
      <line nr="161" mi="6" ci="0" mb="2" cb="0"/>
      <line nr="162" mi="2" ci="0" mb="0" cb="0"/>
      <line nr="164" mi="5" ci="0" mb="2" cb="0"/>
      <line nr="165" mi="2" ci="0" mb="0" cb="0"/>
      <line nr="167" mi="3" ci="0" mb="2" cb="0"/>
      <line nr="168" mi="3" ci="0" mb="2" cb="0"/>
      <line nr="169" mi="2" ci="0" mb="0" cb="0"/>
      <line nr="171" mi="6" ci="0" mb="2" cb="0"/>
      <line nr="172" mi="2" ci="0" mb="0" cb="0"/>
      <line nr="174" mi="2" ci="0" mb="0" cb="0"/>
      <counter type="INSTRUCTION" missed="309" covered="72"/>
      <counter type="BRANCH" missed="66" covered="0"/>
      <counter type="LINE" missed="61" covered="16"/>
      <counter type="COMPLEXITY" missed="40" covered="7"/>
      <counter type="METHOD" missed="7" covered="7"/>
      <counter type="CLASS" missed="0" covered="1"/>
    </sourcefile>
    <counter type="INSTRUCTION" missed="761" covered="440"/>
    <counter type="BRANCH" missed="156" covered="8"/>
    <counter type="LINE" missed="172" covered="87"/>
    <counter type="COMPLEXITY" missed="103" covered="27"/>
    <counter type="METHOD" missed="24" covered="24"/>
    <counter type="CLASS" missed="0" covered="8"/>
  </package>
  <counter type="INSTRUCTION" missed="1850" covered="10155"/>
  <counter type="BRANCH" missed="365" covered="725"/>
  <counter type="LINE" missed="407" covered="2323"/>
  <counter type="COMPLEXITY" missed="293" covered="575"/>
  <counter type="METHOD" missed="48" covered="275"/>
  <counter type="CLASS" missed="3" covered="71"/>
</report>